The system is: Linux - 4.13.0-46-generic - x86_64
Compiling the CXX compiler identification source file "CMakeCXXCompilerId.cpp" succeeded.
Compiler: /usr/bin/c++ 
Build flags: 
Id flags:  

The output was:
0


Compilation of the CXX compiler identification source "CMakeCXXCompilerId.cpp" produced "a.out"

The CXX compiler identification is GNU, found in "/home/emadbinabid/Documents/Research/RCSS/rcssserver3D/SimSpark/spark/build/CMakeFiles/3.9.1/CompilerIdCXX/a.out"

Compiling the C compiler identification source file "CMakeCCompilerId.c" succeeded.
Compiler: /usr/bin/cc 
Build flags: 
Id flags:  

The output was:
0


Compilation of the C compiler identification source "CMakeCCompilerId.c" produced "a.out"

The C compiler identification is GNU, found in "/home/emadbinabid/Documents/Research/RCSS/rcssserver3D/SimSpark/spark/build/CMakeFiles/3.9.1/CompilerIdC/a.out"

Determining if the CXX compiler works passed with the following output:
Change Dir: /home/emadbinabid/Documents/Research/RCSS/rcssserver3D/SimSpark/spark/build/CMakeFiles/CMakeTmp

Run Build Command:"/usr/bin/make" "cmTC_ad9e4/fast"
/usr/bin/make -f CMakeFiles/cmTC_ad9e4.dir/build.make CMakeFiles/cmTC_ad9e4.dir/build
make[1]: Entering directory '/home/emadbinabid/Documents/Research/RCSS/rcssserver3D/SimSpark/spark/build/CMakeFiles/CMakeTmp'
Building CXX object CMakeFiles/cmTC_ad9e4.dir/testCXXCompiler.cxx.o
/usr/bin/c++     -o CMakeFiles/cmTC_ad9e4.dir/testCXXCompiler.cxx.o -c /home/emadbinabid/Documents/Research/RCSS/rcssserver3D/SimSpark/spark/build/CMakeFiles/CMakeTmp/testCXXCompiler.cxx
Linking CXX executable cmTC_ad9e4
/usr/bin/cmake -E cmake_link_script CMakeFiles/cmTC_ad9e4.dir/link.txt --verbose=1
/usr/bin/c++       -rdynamic CMakeFiles/cmTC_ad9e4.dir/testCXXCompiler.cxx.o  -o cmTC_ad9e4 
make[1]: Leaving directory '/home/emadbinabid/Documents/Research/RCSS/rcssserver3D/SimSpark/spark/build/CMakeFiles/CMakeTmp'


Detecting CXX compiler ABI info compiled with the following output:
Change Dir: /home/emadbinabid/Documents/Research/RCSS/rcssserver3D/SimSpark/spark/build/CMakeFiles/CMakeTmp

Run Build Command:"/usr/bin/make" "cmTC_7749f/fast"
/usr/bin/make -f CMakeFiles/cmTC_7749f.dir/build.make CMakeFiles/cmTC_7749f.dir/build
make[1]: Entering directory '/home/emadbinabid/Documents/Research/RCSS/rcssserver3D/SimSpark/spark/build/CMakeFiles/CMakeTmp'
Building CXX object CMakeFiles/cmTC_7749f.dir/CMakeCXXCompilerABI.cpp.o
/usr/bin/c++     -o CMakeFiles/cmTC_7749f.dir/CMakeCXXCompilerABI.cpp.o -c /usr/share/cmake-3.9/Modules/CMakeCXXCompilerABI.cpp
Linking CXX executable cmTC_7749f
/usr/bin/cmake -E cmake_link_script CMakeFiles/cmTC_7749f.dir/link.txt --verbose=1
/usr/bin/c++      -v -rdynamic CMakeFiles/cmTC_7749f.dir/CMakeCXXCompilerABI.cpp.o  -o cmTC_7749f 
Using built-in specs.
COLLECT_GCC=/usr/bin/c++
COLLECT_LTO_WRAPPER=/usr/lib/gcc/x86_64-linux-gnu/7/lto-wrapper
OFFLOAD_TARGET_NAMES=nvptx-none
OFFLOAD_TARGET_DEFAULT=1
Target: x86_64-linux-gnu
Configured with: ../src/configure -v --with-pkgversion='Ubuntu 7.2.0-8ubuntu3.2' --with-bugurl=file:///usr/share/doc/gcc-7/README.Bugs --enable-languages=c,ada,c++,go,brig,d,fortran,objc,obj-c++ --prefix=/usr --with-gcc-major-version-only --program-suffix=-7 --program-prefix=x86_64-linux-gnu- --enable-shared --enable-linker-build-id --libexecdir=/usr/lib --without-included-gettext --enable-threads=posix --libdir=/usr/lib --enable-nls --with-sysroot=/ --enable-clocale=gnu --enable-libstdcxx-debug --enable-libstdcxx-time=yes --with-default-libstdcxx-abi=new --enable-gnu-unique-object --disable-vtable-verify --enable-libmpx --enable-plugin --enable-default-pie --with-system-zlib --with-target-system-zlib --enable-objc-gc=auto --enable-multiarch --disable-werror --with-arch-32=i686 --with-abi=m64 --with-multilib-list=m32,m64,mx32 --enable-multilib --with-tune=generic --enable-offload-targets=nvptx-none --without-cuda-driver --enable-checking=release --build=x86_64-linux-gnu --host=x86_64-linux-gnu --target=x86_64-linux-gnu
Thread model: posix
gcc version 7.2.0 (Ubuntu 7.2.0-8ubuntu3.2) 
COMPILER_PATH=/usr/lib/gcc/x86_64-linux-gnu/7/:/usr/lib/gcc/x86_64-linux-gnu/7/:/usr/lib/gcc/x86_64-linux-gnu/:/usr/lib/gcc/x86_64-linux-gnu/7/:/usr/lib/gcc/x86_64-linux-gnu/
LIBRARY_PATH=/usr/lib/gcc/x86_64-linux-gnu/7/:/usr/lib/gcc/x86_64-linux-gnu/7/../../../x86_64-linux-gnu/:/usr/lib/gcc/x86_64-linux-gnu/7/../../../../lib/:/lib/x86_64-linux-gnu/:/lib/../lib/:/usr/lib/x86_64-linux-gnu/:/usr/lib/../lib/:/usr/lib/gcc/x86_64-linux-gnu/7/../../../:/lib/:/usr/lib/
COLLECT_GCC_OPTIONS='-v' '-rdynamic' '-o' 'cmTC_7749f' '-shared-libgcc' '-mtune=generic' '-march=x86-64'
 /usr/lib/gcc/x86_64-linux-gnu/7/collect2 -plugin /usr/lib/gcc/x86_64-linux-gnu/7/liblto_plugin.so -plugin-opt=/usr/lib/gcc/x86_64-linux-gnu/7/lto-wrapper -plugin-opt=-fresolution=/tmp/ccQ1YsQx.res -plugin-opt=-pass-through=-lgcc_s -plugin-opt=-pass-through=-lgcc -plugin-opt=-pass-through=-lc -plugin-opt=-pass-through=-lgcc_s -plugin-opt=-pass-through=-lgcc --sysroot=/ --build-id --eh-frame-hdr -m elf_x86_64 --hash-style=gnu --as-needed -export-dynamic -dynamic-linker /lib64/ld-linux-x86-64.so.2 -pie -z now -z relro -o cmTC_7749f /usr/lib/gcc/x86_64-linux-gnu/7/../../../x86_64-linux-gnu/Scrt1.o /usr/lib/gcc/x86_64-linux-gnu/7/../../../x86_64-linux-gnu/crti.o /usr/lib/gcc/x86_64-linux-gnu/7/crtbeginS.o -L/usr/lib/gcc/x86_64-linux-gnu/7 -L/usr/lib/gcc/x86_64-linux-gnu/7/../../../x86_64-linux-gnu -L/usr/lib/gcc/x86_64-linux-gnu/7/../../../../lib -L/lib/x86_64-linux-gnu -L/lib/../lib -L/usr/lib/x86_64-linux-gnu -L/usr/lib/../lib -L/usr/lib/gcc/x86_64-linux-gnu/7/../../.. CMakeFiles/cmTC_7749f.dir/CMakeCXXCompilerABI.cpp.o -lstdc++ -lm -lgcc_s -lgcc -lc -lgcc_s -lgcc /usr/lib/gcc/x86_64-linux-gnu/7/crtendS.o /usr/lib/gcc/x86_64-linux-gnu/7/../../../x86_64-linux-gnu/crtn.o
COLLECT_GCC_OPTIONS='-v' '-rdynamic' '-o' 'cmTC_7749f' '-shared-libgcc' '-mtune=generic' '-march=x86-64'
make[1]: Leaving directory '/home/emadbinabid/Documents/Research/RCSS/rcssserver3D/SimSpark/spark/build/CMakeFiles/CMakeTmp'


Parsed CXX implicit link information from above output:
  link line regex: [^( *|.*[/\])(ld|CMAKE_LINK_STARTFILE-NOTFOUND|([^/\]+-)?ld|collect2)[^/\]*( |$)]
  ignore line: [Change Dir: /home/emadbinabid/Documents/Research/RCSS/rcssserver3D/SimSpark/spark/build/CMakeFiles/CMakeTmp]
  ignore line: []
  ignore line: [Run Build Command:"/usr/bin/make" "cmTC_7749f/fast"]
  ignore line: [/usr/bin/make -f CMakeFiles/cmTC_7749f.dir/build.make CMakeFiles/cmTC_7749f.dir/build]
  ignore line: [make[1]: Entering directory '/home/emadbinabid/Documents/Research/RCSS/rcssserver3D/SimSpark/spark/build/CMakeFiles/CMakeTmp']
  ignore line: [Building CXX object CMakeFiles/cmTC_7749f.dir/CMakeCXXCompilerABI.cpp.o]
  ignore line: [/usr/bin/c++     -o CMakeFiles/cmTC_7749f.dir/CMakeCXXCompilerABI.cpp.o -c /usr/share/cmake-3.9/Modules/CMakeCXXCompilerABI.cpp]
  ignore line: [Linking CXX executable cmTC_7749f]
  ignore line: [/usr/bin/cmake -E cmake_link_script CMakeFiles/cmTC_7749f.dir/link.txt --verbose=1]
  ignore line: [/usr/bin/c++      -v -rdynamic CMakeFiles/cmTC_7749f.dir/CMakeCXXCompilerABI.cpp.o  -o cmTC_7749f ]
  ignore line: [Using built-in specs.]
  ignore line: [COLLECT_GCC=/usr/bin/c++]
  ignore line: [COLLECT_LTO_WRAPPER=/usr/lib/gcc/x86_64-linux-gnu/7/lto-wrapper]
  ignore line: [OFFLOAD_TARGET_NAMES=nvptx-none]
  ignore line: [OFFLOAD_TARGET_DEFAULT=1]
  ignore line: [Target: x86_64-linux-gnu]
  ignore line: [Configured with: ../src/configure -v --with-pkgversion='Ubuntu 7.2.0-8ubuntu3.2' --with-bugurl=file:///usr/share/doc/gcc-7/README.Bugs --enable-languages=c,ada,c++,go,brig,d,fortran,objc,obj-c++ --prefix=/usr --with-gcc-major-version-only --program-suffix=-7 --program-prefix=x86_64-linux-gnu- --enable-shared --enable-linker-build-id --libexecdir=/usr/lib --without-included-gettext --enable-threads=posix --libdir=/usr/lib --enable-nls --with-sysroot=/ --enable-clocale=gnu --enable-libstdcxx-debug --enable-libstdcxx-time=yes --with-default-libstdcxx-abi=new --enable-gnu-unique-object --disable-vtable-verify --enable-libmpx --enable-plugin --enable-default-pie --with-system-zlib --with-target-system-zlib --enable-objc-gc=auto --enable-multiarch --disable-werror --with-arch-32=i686 --with-abi=m64 --with-multilib-list=m32,m64,mx32 --enable-multilib --with-tune=generic --enable-offload-targets=nvptx-none --without-cuda-driver --enable-checking=release --build=x86_64-linux-gnu --host=x86_64-linux-gnu --target=x86_64-linux-gnu]
  ignore line: [Thread model: posix]
  ignore line: [gcc version 7.2.0 (Ubuntu 7.2.0-8ubuntu3.2) ]
  ignore line: [COMPILER_PATH=/usr/lib/gcc/x86_64-linux-gnu/7/:/usr/lib/gcc/x86_64-linux-gnu/7/:/usr/lib/gcc/x86_64-linux-gnu/:/usr/lib/gcc/x86_64-linux-gnu/7/:/usr/lib/gcc/x86_64-linux-gnu/]
  ignore line: [LIBRARY_PATH=/usr/lib/gcc/x86_64-linux-gnu/7/:/usr/lib/gcc/x86_64-linux-gnu/7/../../../x86_64-linux-gnu/:/usr/lib/gcc/x86_64-linux-gnu/7/../../../../lib/:/lib/x86_64-linux-gnu/:/lib/../lib/:/usr/lib/x86_64-linux-gnu/:/usr/lib/../lib/:/usr/lib/gcc/x86_64-linux-gnu/7/../../../:/lib/:/usr/lib/]
  ignore line: [COLLECT_GCC_OPTIONS='-v' '-rdynamic' '-o' 'cmTC_7749f' '-shared-libgcc' '-mtune=generic' '-march=x86-64']
  link line: [ /usr/lib/gcc/x86_64-linux-gnu/7/collect2 -plugin /usr/lib/gcc/x86_64-linux-gnu/7/liblto_plugin.so -plugin-opt=/usr/lib/gcc/x86_64-linux-gnu/7/lto-wrapper -plugin-opt=-fresolution=/tmp/ccQ1YsQx.res -plugin-opt=-pass-through=-lgcc_s -plugin-opt=-pass-through=-lgcc -plugin-opt=-pass-through=-lc -plugin-opt=-pass-through=-lgcc_s -plugin-opt=-pass-through=-lgcc --sysroot=/ --build-id --eh-frame-hdr -m elf_x86_64 --hash-style=gnu --as-needed -export-dynamic -dynamic-linker /lib64/ld-linux-x86-64.so.2 -pie -z now -z relro -o cmTC_7749f /usr/lib/gcc/x86_64-linux-gnu/7/../../../x86_64-linux-gnu/Scrt1.o /usr/lib/gcc/x86_64-linux-gnu/7/../../../x86_64-linux-gnu/crti.o /usr/lib/gcc/x86_64-linux-gnu/7/crtbeginS.o -L/usr/lib/gcc/x86_64-linux-gnu/7 -L/usr/lib/gcc/x86_64-linux-gnu/7/../../../x86_64-linux-gnu -L/usr/lib/gcc/x86_64-linux-gnu/7/../../../../lib -L/lib/x86_64-linux-gnu -L/lib/../lib -L/usr/lib/x86_64-linux-gnu -L/usr/lib/../lib -L/usr/lib/gcc/x86_64-linux-gnu/7/../../.. CMakeFiles/cmTC_7749f.dir/CMakeCXXCompilerABI.cpp.o -lstdc++ -lm -lgcc_s -lgcc -lc -lgcc_s -lgcc /usr/lib/gcc/x86_64-linux-gnu/7/crtendS.o /usr/lib/gcc/x86_64-linux-gnu/7/../../../x86_64-linux-gnu/crtn.o]
    arg [/usr/lib/gcc/x86_64-linux-gnu/7/collect2] ==> ignore
    arg [-plugin] ==> ignore
    arg [/usr/lib/gcc/x86_64-linux-gnu/7/liblto_plugin.so] ==> ignore
    arg [-plugin-opt=/usr/lib/gcc/x86_64-linux-gnu/7/lto-wrapper] ==> ignore
    arg [-plugin-opt=-fresolution=/tmp/ccQ1YsQx.res] ==> ignore
    arg [-plugin-opt=-pass-through=-lgcc_s] ==> ignore
    arg [-plugin-opt=-pass-through=-lgcc] ==> ignore
    arg [-plugin-opt=-pass-through=-lc] ==> ignore
    arg [-plugin-opt=-pass-through=-lgcc_s] ==> ignore
    arg [-plugin-opt=-pass-through=-lgcc] ==> ignore
    arg [--sysroot=/] ==> ignore
    arg [--build-id] ==> ignore
    arg [--eh-frame-hdr] ==> ignore
    arg [-m] ==> ignore
    arg [elf_x86_64] ==> ignore
    arg [--hash-style=gnu] ==> ignore
    arg [--as-needed] ==> ignore
    arg [-export-dynamic] ==> ignore
    arg [-dynamic-linker] ==> ignore
    arg [/lib64/ld-linux-x86-64.so.2] ==> ignore
    arg [-pie] ==> ignore
    arg [-znow] ==> ignore
    arg [-zrelro] ==> ignore
    arg [-o] ==> ignore
    arg [cmTC_7749f] ==> ignore
    arg [/usr/lib/gcc/x86_64-linux-gnu/7/../../../x86_64-linux-gnu/Scrt1.o] ==> ignore
    arg [/usr/lib/gcc/x86_64-linux-gnu/7/../../../x86_64-linux-gnu/crti.o] ==> ignore
    arg [/usr/lib/gcc/x86_64-linux-gnu/7/crtbeginS.o] ==> ignore
    arg [-L/usr/lib/gcc/x86_64-linux-gnu/7] ==> dir [/usr/lib/gcc/x86_64-linux-gnu/7]
    arg [-L/usr/lib/gcc/x86_64-linux-gnu/7/../../../x86_64-linux-gnu] ==> dir [/usr/lib/gcc/x86_64-linux-gnu/7/../../../x86_64-linux-gnu]
    arg [-L/usr/lib/gcc/x86_64-linux-gnu/7/../../../../lib] ==> dir [/usr/lib/gcc/x86_64-linux-gnu/7/../../../../lib]
    arg [-L/lib/x86_64-linux-gnu] ==> dir [/lib/x86_64-linux-gnu]
    arg [-L/lib/../lib] ==> dir [/lib/../lib]
    arg [-L/usr/lib/x86_64-linux-gnu] ==> dir [/usr/lib/x86_64-linux-gnu]
    arg [-L/usr/lib/../lib] ==> dir [/usr/lib/../lib]
    arg [-L/usr/lib/gcc/x86_64-linux-gnu/7/../../..] ==> dir [/usr/lib/gcc/x86_64-linux-gnu/7/../../..]
    arg [CMakeFiles/cmTC_7749f.dir/CMakeCXXCompilerABI.cpp.o] ==> ignore
    arg [-lstdc++] ==> lib [stdc++]
    arg [-lm] ==> lib [m]
    arg [-lgcc_s] ==> lib [gcc_s]
    arg [-lgcc] ==> lib [gcc]
    arg [-lc] ==> lib [c]
    arg [-lgcc_s] ==> lib [gcc_s]
    arg [-lgcc] ==> lib [gcc]
    arg [/usr/lib/gcc/x86_64-linux-gnu/7/crtendS.o] ==> ignore
    arg [/usr/lib/gcc/x86_64-linux-gnu/7/../../../x86_64-linux-gnu/crtn.o] ==> ignore
  collapse library dir [/usr/lib/gcc/x86_64-linux-gnu/7] ==> [/usr/lib/gcc/x86_64-linux-gnu/7]
  collapse library dir [/usr/lib/gcc/x86_64-linux-gnu/7/../../../x86_64-linux-gnu] ==> [/usr/lib/x86_64-linux-gnu]
  collapse library dir [/usr/lib/gcc/x86_64-linux-gnu/7/../../../../lib] ==> [/usr/lib]
  collapse library dir [/lib/x86_64-linux-gnu] ==> [/lib/x86_64-linux-gnu]
  collapse library dir [/lib/../lib] ==> [/lib]
  collapse library dir [/usr/lib/x86_64-linux-gnu] ==> [/usr/lib/x86_64-linux-gnu]
  collapse library dir [/usr/lib/../lib] ==> [/usr/lib]
  collapse library dir [/usr/lib/gcc/x86_64-linux-gnu/7/../../..] ==> [/usr/lib]
  implicit libs: [stdc++;m;gcc_s;gcc;c;gcc_s;gcc]
  implicit dirs: [/usr/lib/gcc/x86_64-linux-gnu/7;/usr/lib/x86_64-linux-gnu;/usr/lib;/lib/x86_64-linux-gnu;/lib]
  implicit fwks: []




Detecting CXX [-std=c++1z] compiler features compiled with the following output:
Change Dir: /home/emadbinabid/Documents/Research/RCSS/rcssserver3D/SimSpark/spark/build/CMakeFiles/CMakeTmp

Run Build Command:"/usr/bin/make" "cmTC_6dac0/fast"
/usr/bin/make -f CMakeFiles/cmTC_6dac0.dir/build.make CMakeFiles/cmTC_6dac0.dir/build
make[1]: Entering directory '/home/emadbinabid/Documents/Research/RCSS/rcssserver3D/SimSpark/spark/build/CMakeFiles/CMakeTmp'
Building CXX object CMakeFiles/cmTC_6dac0.dir/feature_tests.cxx.o
/usr/bin/c++    -std=c++1z -o CMakeFiles/cmTC_6dac0.dir/feature_tests.cxx.o -c /home/emadbinabid/Documents/Research/RCSS/rcssserver3D/SimSpark/spark/build/CMakeFiles/feature_tests.cxx
Linking CXX executable cmTC_6dac0
/usr/bin/cmake -E cmake_link_script CMakeFiles/cmTC_6dac0.dir/link.txt --verbose=1
/usr/bin/c++       -rdynamic CMakeFiles/cmTC_6dac0.dir/feature_tests.cxx.o  -o cmTC_6dac0 
make[1]: Leaving directory '/home/emadbinabid/Documents/Research/RCSS/rcssserver3D/SimSpark/spark/build/CMakeFiles/CMakeTmp'


    Feature record: CXX_FEATURE:1cxx_aggregate_default_initializers
    Feature record: CXX_FEATURE:1cxx_alias_templates
    Feature record: CXX_FEATURE:1cxx_alignas
    Feature record: CXX_FEATURE:1cxx_alignof
    Feature record: CXX_FEATURE:1cxx_attributes
    Feature record: CXX_FEATURE:1cxx_attribute_deprecated
    Feature record: CXX_FEATURE:1cxx_auto_type
    Feature record: CXX_FEATURE:1cxx_binary_literals
    Feature record: CXX_FEATURE:1cxx_constexpr
    Feature record: CXX_FEATURE:1cxx_contextual_conversions
    Feature record: CXX_FEATURE:1cxx_decltype
    Feature record: CXX_FEATURE:1cxx_decltype_auto
    Feature record: CXX_FEATURE:1cxx_decltype_incomplete_return_types
    Feature record: CXX_FEATURE:1cxx_default_function_template_args
    Feature record: CXX_FEATURE:1cxx_defaulted_functions
    Feature record: CXX_FEATURE:1cxx_defaulted_move_initializers
    Feature record: CXX_FEATURE:1cxx_delegating_constructors
    Feature record: CXX_FEATURE:1cxx_deleted_functions
    Feature record: CXX_FEATURE:1cxx_digit_separators
    Feature record: CXX_FEATURE:1cxx_enum_forward_declarations
    Feature record: CXX_FEATURE:1cxx_explicit_conversions
    Feature record: CXX_FEATURE:1cxx_extended_friend_declarations
    Feature record: CXX_FEATURE:1cxx_extern_templates
    Feature record: CXX_FEATURE:1cxx_final
    Feature record: CXX_FEATURE:1cxx_func_identifier
    Feature record: CXX_FEATURE:1cxx_generalized_initializers
    Feature record: CXX_FEATURE:1cxx_generic_lambdas
    Feature record: CXX_FEATURE:1cxx_inheriting_constructors
    Feature record: CXX_FEATURE:1cxx_inline_namespaces
    Feature record: CXX_FEATURE:1cxx_lambdas
    Feature record: CXX_FEATURE:1cxx_lambda_init_captures
    Feature record: CXX_FEATURE:1cxx_local_type_template_args
    Feature record: CXX_FEATURE:1cxx_long_long_type
    Feature record: CXX_FEATURE:1cxx_noexcept
    Feature record: CXX_FEATURE:1cxx_nonstatic_member_init
    Feature record: CXX_FEATURE:1cxx_nullptr
    Feature record: CXX_FEATURE:1cxx_override
    Feature record: CXX_FEATURE:1cxx_range_for
    Feature record: CXX_FEATURE:1cxx_raw_string_literals
    Feature record: CXX_FEATURE:1cxx_reference_qualified_functions
    Feature record: CXX_FEATURE:1cxx_relaxed_constexpr
    Feature record: CXX_FEATURE:1cxx_return_type_deduction
    Feature record: CXX_FEATURE:1cxx_right_angle_brackets
    Feature record: CXX_FEATURE:1cxx_rvalue_references
    Feature record: CXX_FEATURE:1cxx_sizeof_member
    Feature record: CXX_FEATURE:1cxx_static_assert
    Feature record: CXX_FEATURE:1cxx_strong_enums
    Feature record: CXX_FEATURE:1cxx_template_template_parameters
    Feature record: CXX_FEATURE:1cxx_thread_local
    Feature record: CXX_FEATURE:1cxx_trailing_return_types
    Feature record: CXX_FEATURE:1cxx_unicode_literals
    Feature record: CXX_FEATURE:1cxx_uniform_initialization
    Feature record: CXX_FEATURE:1cxx_unrestricted_unions
    Feature record: CXX_FEATURE:1cxx_user_literals
    Feature record: CXX_FEATURE:1cxx_variable_templates
    Feature record: CXX_FEATURE:1cxx_variadic_macros
    Feature record: CXX_FEATURE:1cxx_variadic_templates


Detecting CXX [-std=c++14] compiler features compiled with the following output:
Change Dir: /home/emadbinabid/Documents/Research/RCSS/rcssserver3D/SimSpark/spark/build/CMakeFiles/CMakeTmp

Run Build Command:"/usr/bin/make" "cmTC_b8dcd/fast"
/usr/bin/make -f CMakeFiles/cmTC_b8dcd.dir/build.make CMakeFiles/cmTC_b8dcd.dir/build
make[1]: Entering directory '/home/emadbinabid/Documents/Research/RCSS/rcssserver3D/SimSpark/spark/build/CMakeFiles/CMakeTmp'
Building CXX object CMakeFiles/cmTC_b8dcd.dir/feature_tests.cxx.o
/usr/bin/c++    -std=c++14 -o CMakeFiles/cmTC_b8dcd.dir/feature_tests.cxx.o -c /home/emadbinabid/Documents/Research/RCSS/rcssserver3D/SimSpark/spark/build/CMakeFiles/feature_tests.cxx
Linking CXX executable cmTC_b8dcd
/usr/bin/cmake -E cmake_link_script CMakeFiles/cmTC_b8dcd.dir/link.txt --verbose=1
/usr/bin/c++       -rdynamic CMakeFiles/cmTC_b8dcd.dir/feature_tests.cxx.o  -o cmTC_b8dcd 
make[1]: Leaving directory '/home/emadbinabid/Documents/Research/RCSS/rcssserver3D/SimSpark/spark/build/CMakeFiles/CMakeTmp'


    Feature record: CXX_FEATURE:1cxx_aggregate_default_initializers
    Feature record: CXX_FEATURE:1cxx_alias_templates
    Feature record: CXX_FEATURE:1cxx_alignas
    Feature record: CXX_FEATURE:1cxx_alignof
    Feature record: CXX_FEATURE:1cxx_attributes
    Feature record: CXX_FEATURE:1cxx_attribute_deprecated
    Feature record: CXX_FEATURE:1cxx_auto_type
    Feature record: CXX_FEATURE:1cxx_binary_literals
    Feature record: CXX_FEATURE:1cxx_constexpr
    Feature record: CXX_FEATURE:1cxx_contextual_conversions
    Feature record: CXX_FEATURE:1cxx_decltype
    Feature record: CXX_FEATURE:1cxx_decltype_auto
    Feature record: CXX_FEATURE:1cxx_decltype_incomplete_return_types
    Feature record: CXX_FEATURE:1cxx_default_function_template_args
    Feature record: CXX_FEATURE:1cxx_defaulted_functions
    Feature record: CXX_FEATURE:1cxx_defaulted_move_initializers
    Feature record: CXX_FEATURE:1cxx_delegating_constructors
    Feature record: CXX_FEATURE:1cxx_deleted_functions
    Feature record: CXX_FEATURE:1cxx_digit_separators
    Feature record: CXX_FEATURE:1cxx_enum_forward_declarations
    Feature record: CXX_FEATURE:1cxx_explicit_conversions
    Feature record: CXX_FEATURE:1cxx_extended_friend_declarations
    Feature record: CXX_FEATURE:1cxx_extern_templates
    Feature record: CXX_FEATURE:1cxx_final
    Feature record: CXX_FEATURE:1cxx_func_identifier
    Feature record: CXX_FEATURE:1cxx_generalized_initializers
    Feature record: CXX_FEATURE:1cxx_generic_lambdas
    Feature record: CXX_FEATURE:1cxx_inheriting_constructors
    Feature record: CXX_FEATURE:1cxx_inline_namespaces
    Feature record: CXX_FEATURE:1cxx_lambdas
    Feature record: CXX_FEATURE:1cxx_lambda_init_captures
    Feature record: CXX_FEATURE:1cxx_local_type_template_args
    Feature record: CXX_FEATURE:1cxx_long_long_type
    Feature record: CXX_FEATURE:1cxx_noexcept
    Feature record: CXX_FEATURE:1cxx_nonstatic_member_init
    Feature record: CXX_FEATURE:1cxx_nullptr
    Feature record: CXX_FEATURE:1cxx_override
    Feature record: CXX_FEATURE:1cxx_range_for
    Feature record: CXX_FEATURE:1cxx_raw_string_literals
    Feature record: CXX_FEATURE:1cxx_reference_qualified_functions
    Feature record: CXX_FEATURE:1cxx_relaxed_constexpr
    Feature record: CXX_FEATURE:1cxx_return_type_deduction
    Feature record: CXX_FEATURE:1cxx_right_angle_brackets
    Feature record: CXX_FEATURE:1cxx_rvalue_references
    Feature record: CXX_FEATURE:1cxx_sizeof_member
    Feature record: CXX_FEATURE:1cxx_static_assert
    Feature record: CXX_FEATURE:1cxx_strong_enums
    Feature record: CXX_FEATURE:1cxx_template_template_parameters
    Feature record: CXX_FEATURE:1cxx_thread_local
    Feature record: CXX_FEATURE:1cxx_trailing_return_types
    Feature record: CXX_FEATURE:1cxx_unicode_literals
    Feature record: CXX_FEATURE:1cxx_uniform_initialization
    Feature record: CXX_FEATURE:1cxx_unrestricted_unions
    Feature record: CXX_FEATURE:1cxx_user_literals
    Feature record: CXX_FEATURE:1cxx_variable_templates
    Feature record: CXX_FEATURE:1cxx_variadic_macros
    Feature record: CXX_FEATURE:1cxx_variadic_templates


Detecting CXX [-std=c++11] compiler features compiled with the following output:
Change Dir: /home/emadbinabid/Documents/Research/RCSS/rcssserver3D/SimSpark/spark/build/CMakeFiles/CMakeTmp

Run Build Command:"/usr/bin/make" "cmTC_1fcfe/fast"
/usr/bin/make -f CMakeFiles/cmTC_1fcfe.dir/build.make CMakeFiles/cmTC_1fcfe.dir/build
make[1]: Entering directory '/home/emadbinabid/Documents/Research/RCSS/rcssserver3D/SimSpark/spark/build/CMakeFiles/CMakeTmp'
Building CXX object CMakeFiles/cmTC_1fcfe.dir/feature_tests.cxx.o
/usr/bin/c++    -std=c++11 -o CMakeFiles/cmTC_1fcfe.dir/feature_tests.cxx.o -c /home/emadbinabid/Documents/Research/RCSS/rcssserver3D/SimSpark/spark/build/CMakeFiles/feature_tests.cxx
Linking CXX executable cmTC_1fcfe
/usr/bin/cmake -E cmake_link_script CMakeFiles/cmTC_1fcfe.dir/link.txt --verbose=1
/usr/bin/c++       -rdynamic CMakeFiles/cmTC_1fcfe.dir/feature_tests.cxx.o  -o cmTC_1fcfe 
make[1]: Leaving directory '/home/emadbinabid/Documents/Research/RCSS/rcssserver3D/SimSpark/spark/build/CMakeFiles/CMakeTmp'


    Feature record: CXX_FEATURE:0cxx_aggregate_default_initializers
    Feature record: CXX_FEATURE:1cxx_alias_templates
    Feature record: CXX_FEATURE:1cxx_alignas
    Feature record: CXX_FEATURE:1cxx_alignof
    Feature record: CXX_FEATURE:1cxx_attributes
    Feature record: CXX_FEATURE:0cxx_attribute_deprecated
    Feature record: CXX_FEATURE:1cxx_auto_type
    Feature record: CXX_FEATURE:0cxx_binary_literals
    Feature record: CXX_FEATURE:1cxx_constexpr
    Feature record: CXX_FEATURE:0cxx_contextual_conversions
    Feature record: CXX_FEATURE:1cxx_decltype
    Feature record: CXX_FEATURE:0cxx_decltype_auto
    Feature record: CXX_FEATURE:1cxx_decltype_incomplete_return_types
    Feature record: CXX_FEATURE:1cxx_default_function_template_args
    Feature record: CXX_FEATURE:1cxx_defaulted_functions
    Feature record: CXX_FEATURE:1cxx_defaulted_move_initializers
    Feature record: CXX_FEATURE:1cxx_delegating_constructors
    Feature record: CXX_FEATURE:1cxx_deleted_functions
    Feature record: CXX_FEATURE:0cxx_digit_separators
    Feature record: CXX_FEATURE:1cxx_enum_forward_declarations
    Feature record: CXX_FEATURE:1cxx_explicit_conversions
    Feature record: CXX_FEATURE:1cxx_extended_friend_declarations
    Feature record: CXX_FEATURE:1cxx_extern_templates
    Feature record: CXX_FEATURE:1cxx_final
    Feature record: CXX_FEATURE:1cxx_func_identifier
    Feature record: CXX_FEATURE:1cxx_generalized_initializers
    Feature record: CXX_FEATURE:0cxx_generic_lambdas
    Feature record: CXX_FEATURE:1cxx_inheriting_constructors
    Feature record: CXX_FEATURE:1cxx_inline_namespaces
    Feature record: CXX_FEATURE:1cxx_lambdas
    Feature record: CXX_FEATURE:0cxx_lambda_init_captures
    Feature record: CXX_FEATURE:1cxx_local_type_template_args
    Feature record: CXX_FEATURE:1cxx_long_long_type
    Feature record: CXX_FEATURE:1cxx_noexcept
    Feature record: CXX_FEATURE:1cxx_nonstatic_member_init
    Feature record: CXX_FEATURE:1cxx_nullptr
    Feature record: CXX_FEATURE:1cxx_override
    Feature record: CXX_FEATURE:1cxx_range_for
    Feature record: CXX_FEATURE:1cxx_raw_string_literals
    Feature record: CXX_FEATURE:1cxx_reference_qualified_functions
    Feature record: CXX_FEATURE:0cxx_relaxed_constexpr
    Feature record: CXX_FEATURE:0cxx_return_type_deduction
    Feature record: CXX_FEATURE:1cxx_right_angle_brackets
    Feature record: CXX_FEATURE:1cxx_rvalue_references
    Feature record: CXX_FEATURE:1cxx_sizeof_member
    Feature record: CXX_FEATURE:1cxx_static_assert
    Feature record: CXX_FEATURE:1cxx_strong_enums
    Feature record: CXX_FEATURE:1cxx_template_template_parameters
    Feature record: CXX_FEATURE:1cxx_thread_local
    Feature record: CXX_FEATURE:1cxx_trailing_return_types
    Feature record: CXX_FEATURE:1cxx_unicode_literals
    Feature record: CXX_FEATURE:1cxx_uniform_initialization
    Feature record: CXX_FEATURE:1cxx_unrestricted_unions
    Feature record: CXX_FEATURE:1cxx_user_literals
    Feature record: CXX_FEATURE:0cxx_variable_templates
    Feature record: CXX_FEATURE:1cxx_variadic_macros
    Feature record: CXX_FEATURE:1cxx_variadic_templates


Detecting CXX [-std=c++98] compiler features compiled with the following output:
Change Dir: /home/emadbinabid/Documents/Research/RCSS/rcssserver3D/SimSpark/spark/build/CMakeFiles/CMakeTmp

Run Build Command:"/usr/bin/make" "cmTC_f1d37/fast"
/usr/bin/make -f CMakeFiles/cmTC_f1d37.dir/build.make CMakeFiles/cmTC_f1d37.dir/build
make[1]: Entering directory '/home/emadbinabid/Documents/Research/RCSS/rcssserver3D/SimSpark/spark/build/CMakeFiles/CMakeTmp'
Building CXX object CMakeFiles/cmTC_f1d37.dir/feature_tests.cxx.o
/usr/bin/c++    -std=c++98 -o CMakeFiles/cmTC_f1d37.dir/feature_tests.cxx.o -c /home/emadbinabid/Documents/Research/RCSS/rcssserver3D/SimSpark/spark/build/CMakeFiles/feature_tests.cxx
Linking CXX executable cmTC_f1d37
/usr/bin/cmake -E cmake_link_script CMakeFiles/cmTC_f1d37.dir/link.txt --verbose=1
/usr/bin/c++       -rdynamic CMakeFiles/cmTC_f1d37.dir/feature_tests.cxx.o  -o cmTC_f1d37 
make[1]: Leaving directory '/home/emadbinabid/Documents/Research/RCSS/rcssserver3D/SimSpark/spark/build/CMakeFiles/CMakeTmp'


    Feature record: CXX_FEATURE:0cxx_aggregate_default_initializers
    Feature record: CXX_FEATURE:0cxx_alias_templates
    Feature record: CXX_FEATURE:0cxx_alignas
    Feature record: CXX_FEATURE:0cxx_alignof
    Feature record: CXX_FEATURE:0cxx_attributes
    Feature record: CXX_FEATURE:0cxx_attribute_deprecated
    Feature record: CXX_FEATURE:0cxx_auto_type
    Feature record: CXX_FEATURE:0cxx_binary_literals
    Feature record: CXX_FEATURE:0cxx_constexpr
    Feature record: CXX_FEATURE:0cxx_contextual_conversions
    Feature record: CXX_FEATURE:0cxx_decltype
    Feature record: CXX_FEATURE:0cxx_decltype_auto
    Feature record: CXX_FEATURE:0cxx_decltype_incomplete_return_types
    Feature record: CXX_FEATURE:0cxx_default_function_template_args
    Feature record: CXX_FEATURE:0cxx_defaulted_functions
    Feature record: CXX_FEATURE:0cxx_defaulted_move_initializers
    Feature record: CXX_FEATURE:0cxx_delegating_constructors
    Feature record: CXX_FEATURE:0cxx_deleted_functions
    Feature record: CXX_FEATURE:0cxx_digit_separators
    Feature record: CXX_FEATURE:0cxx_enum_forward_declarations
    Feature record: CXX_FEATURE:0cxx_explicit_conversions
    Feature record: CXX_FEATURE:0cxx_extended_friend_declarations
    Feature record: CXX_FEATURE:0cxx_extern_templates
    Feature record: CXX_FEATURE:0cxx_final
    Feature record: CXX_FEATURE:0cxx_func_identifier
    Feature record: CXX_FEATURE:0cxx_generalized_initializers
    Feature record: CXX_FEATURE:0cxx_generic_lambdas
    Feature record: CXX_FEATURE:0cxx_inheriting_constructors
    Feature record: CXX_FEATURE:0cxx_inline_namespaces
    Feature record: CXX_FEATURE:0cxx_lambdas
    Feature record: CXX_FEATURE:0cxx_lambda_init_captures
    Feature record: CXX_FEATURE:0cxx_local_type_template_args
    Feature record: CXX_FEATURE:0cxx_long_long_type
    Feature record: CXX_FEATURE:0cxx_noexcept
    Feature record: CXX_FEATURE:0cxx_nonstatic_member_init
    Feature record: CXX_FEATURE:0cxx_nullptr
    Feature record: CXX_FEATURE:0cxx_override
    Feature record: CXX_FEATURE:0cxx_range_for
    Feature record: CXX_FEATURE:0cxx_raw_string_literals
    Feature record: CXX_FEATURE:0cxx_reference_qualified_functions
    Feature record: CXX_FEATURE:0cxx_relaxed_constexpr
    Feature record: CXX_FEATURE:0cxx_return_type_deduction
    Feature record: CXX_FEATURE:0cxx_right_angle_brackets
    Feature record: CXX_FEATURE:0cxx_rvalue_references
    Feature record: CXX_FEATURE:0cxx_sizeof_member
    Feature record: CXX_FEATURE:0cxx_static_assert
    Feature record: CXX_FEATURE:0cxx_strong_enums
    Feature record: CXX_FEATURE:1cxx_template_template_parameters
    Feature record: CXX_FEATURE:0cxx_thread_local
    Feature record: CXX_FEATURE:0cxx_trailing_return_types
    Feature record: CXX_FEATURE:0cxx_unicode_literals
    Feature record: CXX_FEATURE:0cxx_uniform_initialization
    Feature record: CXX_FEATURE:0cxx_unrestricted_unions
    Feature record: CXX_FEATURE:0cxx_user_literals
    Feature record: CXX_FEATURE:0cxx_variable_templates
    Feature record: CXX_FEATURE:0cxx_variadic_macros
    Feature record: CXX_FEATURE:0cxx_variadic_templates
Determining if the C compiler works passed with the following output:
Change Dir: /home/emadbinabid/Documents/Research/RCSS/rcssserver3D/SimSpark/spark/build/CMakeFiles/CMakeTmp

Run Build Command:"/usr/bin/make" "cmTC_734cc/fast"
/usr/bin/make -f CMakeFiles/cmTC_734cc.dir/build.make CMakeFiles/cmTC_734cc.dir/build
make[1]: Entering directory '/home/emadbinabid/Documents/Research/RCSS/rcssserver3D/SimSpark/spark/build/CMakeFiles/CMakeTmp'
Building C object CMakeFiles/cmTC_734cc.dir/testCCompiler.c.o
/usr/bin/cc    -o CMakeFiles/cmTC_734cc.dir/testCCompiler.c.o   -c /home/emadbinabid/Documents/Research/RCSS/rcssserver3D/SimSpark/spark/build/CMakeFiles/CMakeTmp/testCCompiler.c
Linking C executable cmTC_734cc
/usr/bin/cmake -E cmake_link_script CMakeFiles/cmTC_734cc.dir/link.txt --verbose=1
/usr/bin/cc      -rdynamic CMakeFiles/cmTC_734cc.dir/testCCompiler.c.o  -o cmTC_734cc 
make[1]: Leaving directory '/home/emadbinabid/Documents/Research/RCSS/rcssserver3D/SimSpark/spark/build/CMakeFiles/CMakeTmp'


Detecting C compiler ABI info compiled with the following output:
Change Dir: /home/emadbinabid/Documents/Research/RCSS/rcssserver3D/SimSpark/spark/build/CMakeFiles/CMakeTmp

Run Build Command:"/usr/bin/make" "cmTC_d6ce4/fast"
/usr/bin/make -f CMakeFiles/cmTC_d6ce4.dir/build.make CMakeFiles/cmTC_d6ce4.dir/build
make[1]: Entering directory '/home/emadbinabid/Documents/Research/RCSS/rcssserver3D/SimSpark/spark/build/CMakeFiles/CMakeTmp'
Building C object CMakeFiles/cmTC_d6ce4.dir/CMakeCCompilerABI.c.o
/usr/bin/cc    -o CMakeFiles/cmTC_d6ce4.dir/CMakeCCompilerABI.c.o   -c /usr/share/cmake-3.9/Modules/CMakeCCompilerABI.c
Linking C executable cmTC_d6ce4
/usr/bin/cmake -E cmake_link_script CMakeFiles/cmTC_d6ce4.dir/link.txt --verbose=1
/usr/bin/cc     -v -rdynamic CMakeFiles/cmTC_d6ce4.dir/CMakeCCompilerABI.c.o  -o cmTC_d6ce4 
Using built-in specs.
COLLECT_GCC=/usr/bin/cc
COLLECT_LTO_WRAPPER=/usr/lib/gcc/x86_64-linux-gnu/7/lto-wrapper
OFFLOAD_TARGET_NAMES=nvptx-none
OFFLOAD_TARGET_DEFAULT=1
Target: x86_64-linux-gnu
Configured with: ../src/configure -v --with-pkgversion='Ubuntu 7.2.0-8ubuntu3.2' --with-bugurl=file:///usr/share/doc/gcc-7/README.Bugs --enable-languages=c,ada,c++,go,brig,d,fortran,objc,obj-c++ --prefix=/usr --with-gcc-major-version-only --program-suffix=-7 --program-prefix=x86_64-linux-gnu- --enable-shared --enable-linker-build-id --libexecdir=/usr/lib --without-included-gettext --enable-threads=posix --libdir=/usr/lib --enable-nls --with-sysroot=/ --enable-clocale=gnu --enable-libstdcxx-debug --enable-libstdcxx-time=yes --with-default-libstdcxx-abi=new --enable-gnu-unique-object --disable-vtable-verify --enable-libmpx --enable-plugin --enable-default-pie --with-system-zlib --with-target-system-zlib --enable-objc-gc=auto --enable-multiarch --disable-werror --with-arch-32=i686 --with-abi=m64 --with-multilib-list=m32,m64,mx32 --enable-multilib --with-tune=generic --enable-offload-targets=nvptx-none --without-cuda-driver --enable-checking=release --build=x86_64-linux-gnu --host=x86_64-linux-gnu --target=x86_64-linux-gnu
Thread model: posix
gcc version 7.2.0 (Ubuntu 7.2.0-8ubuntu3.2) 
COMPILER_PATH=/usr/lib/gcc/x86_64-linux-gnu/7/:/usr/lib/gcc/x86_64-linux-gnu/7/:/usr/lib/gcc/x86_64-linux-gnu/:/usr/lib/gcc/x86_64-linux-gnu/7/:/usr/lib/gcc/x86_64-linux-gnu/
LIBRARY_PATH=/usr/lib/gcc/x86_64-linux-gnu/7/:/usr/lib/gcc/x86_64-linux-gnu/7/../../../x86_64-linux-gnu/:/usr/lib/gcc/x86_64-linux-gnu/7/../../../../lib/:/lib/x86_64-linux-gnu/:/lib/../lib/:/usr/lib/x86_64-linux-gnu/:/usr/lib/../lib/:/usr/lib/gcc/x86_64-linux-gnu/7/../../../:/lib/:/usr/lib/
COLLECT_GCC_OPTIONS='-v' '-rdynamic' '-o' 'cmTC_d6ce4' '-mtune=generic' '-march=x86-64'
 /usr/lib/gcc/x86_64-linux-gnu/7/collect2 -plugin /usr/lib/gcc/x86_64-linux-gnu/7/liblto_plugin.so -plugin-opt=/usr/lib/gcc/x86_64-linux-gnu/7/lto-wrapper -plugin-opt=-fresolution=/tmp/ccFnHr1u.res -plugin-opt=-pass-through=-lgcc -plugin-opt=-pass-through=-lgcc_s -plugin-opt=-pass-through=-lc -plugin-opt=-pass-through=-lgcc -plugin-opt=-pass-through=-lgcc_s --sysroot=/ --build-id --eh-frame-hdr -m elf_x86_64 --hash-style=gnu --as-needed -export-dynamic -dynamic-linker /lib64/ld-linux-x86-64.so.2 -pie -z now -z relro -o cmTC_d6ce4 /usr/lib/gcc/x86_64-linux-gnu/7/../../../x86_64-linux-gnu/Scrt1.o /usr/lib/gcc/x86_64-linux-gnu/7/../../../x86_64-linux-gnu/crti.o /usr/lib/gcc/x86_64-linux-gnu/7/crtbeginS.o -L/usr/lib/gcc/x86_64-linux-gnu/7 -L/usr/lib/gcc/x86_64-linux-gnu/7/../../../x86_64-linux-gnu -L/usr/lib/gcc/x86_64-linux-gnu/7/../../../../lib -L/lib/x86_64-linux-gnu -L/lib/../lib -L/usr/lib/x86_64-linux-gnu -L/usr/lib/../lib -L/usr/lib/gcc/x86_64-linux-gnu/7/../../.. CMakeFiles/cmTC_d6ce4.dir/CMakeCCompilerABI.c.o -lgcc --as-needed -lgcc_s --no-as-needed -lc -lgcc --as-needed -lgcc_s --no-as-needed /usr/lib/gcc/x86_64-linux-gnu/7/crtendS.o /usr/lib/gcc/x86_64-linux-gnu/7/../../../x86_64-linux-gnu/crtn.o
COLLECT_GCC_OPTIONS='-v' '-rdynamic' '-o' 'cmTC_d6ce4' '-mtune=generic' '-march=x86-64'
make[1]: Leaving directory '/home/emadbinabid/Documents/Research/RCSS/rcssserver3D/SimSpark/spark/build/CMakeFiles/CMakeTmp'


Parsed C implicit link information from above output:
  link line regex: [^( *|.*[/\])(ld|CMAKE_LINK_STARTFILE-NOTFOUND|([^/\]+-)?ld|collect2)[^/\]*( |$)]
  ignore line: [Change Dir: /home/emadbinabid/Documents/Research/RCSS/rcssserver3D/SimSpark/spark/build/CMakeFiles/CMakeTmp]
  ignore line: []
  ignore line: [Run Build Command:"/usr/bin/make" "cmTC_d6ce4/fast"]
  ignore line: [/usr/bin/make -f CMakeFiles/cmTC_d6ce4.dir/build.make CMakeFiles/cmTC_d6ce4.dir/build]
  ignore line: [make[1]: Entering directory '/home/emadbinabid/Documents/Research/RCSS/rcssserver3D/SimSpark/spark/build/CMakeFiles/CMakeTmp']
  ignore line: [Building C object CMakeFiles/cmTC_d6ce4.dir/CMakeCCompilerABI.c.o]
  ignore line: [/usr/bin/cc    -o CMakeFiles/cmTC_d6ce4.dir/CMakeCCompilerABI.c.o   -c /usr/share/cmake-3.9/Modules/CMakeCCompilerABI.c]
  ignore line: [Linking C executable cmTC_d6ce4]
  ignore line: [/usr/bin/cmake -E cmake_link_script CMakeFiles/cmTC_d6ce4.dir/link.txt --verbose=1]
  ignore line: [/usr/bin/cc     -v -rdynamic CMakeFiles/cmTC_d6ce4.dir/CMakeCCompilerABI.c.o  -o cmTC_d6ce4 ]
  ignore line: [Using built-in specs.]
  ignore line: [COLLECT_GCC=/usr/bin/cc]
  ignore line: [COLLECT_LTO_WRAPPER=/usr/lib/gcc/x86_64-linux-gnu/7/lto-wrapper]
  ignore line: [OFFLOAD_TARGET_NAMES=nvptx-none]
  ignore line: [OFFLOAD_TARGET_DEFAULT=1]
  ignore line: [Target: x86_64-linux-gnu]
  ignore line: [Configured with: ../src/configure -v --with-pkgversion='Ubuntu 7.2.0-8ubuntu3.2' --with-bugurl=file:///usr/share/doc/gcc-7/README.Bugs --enable-languages=c,ada,c++,go,brig,d,fortran,objc,obj-c++ --prefix=/usr --with-gcc-major-version-only --program-suffix=-7 --program-prefix=x86_64-linux-gnu- --enable-shared --enable-linker-build-id --libexecdir=/usr/lib --without-included-gettext --enable-threads=posix --libdir=/usr/lib --enable-nls --with-sysroot=/ --enable-clocale=gnu --enable-libstdcxx-debug --enable-libstdcxx-time=yes --with-default-libstdcxx-abi=new --enable-gnu-unique-object --disable-vtable-verify --enable-libmpx --enable-plugin --enable-default-pie --with-system-zlib --with-target-system-zlib --enable-objc-gc=auto --enable-multiarch --disable-werror --with-arch-32=i686 --with-abi=m64 --with-multilib-list=m32,m64,mx32 --enable-multilib --with-tune=generic --enable-offload-targets=nvptx-none --without-cuda-driver --enable-checking=release --build=x86_64-linux-gnu --host=x86_64-linux-gnu --target=x86_64-linux-gnu]
  ignore line: [Thread model: posix]
  ignore line: [gcc version 7.2.0 (Ubuntu 7.2.0-8ubuntu3.2) ]
  ignore line: [COMPILER_PATH=/usr/lib/gcc/x86_64-linux-gnu/7/:/usr/lib/gcc/x86_64-linux-gnu/7/:/usr/lib/gcc/x86_64-linux-gnu/:/usr/lib/gcc/x86_64-linux-gnu/7/:/usr/lib/gcc/x86_64-linux-gnu/]
  ignore line: [LIBRARY_PATH=/usr/lib/gcc/x86_64-linux-gnu/7/:/usr/lib/gcc/x86_64-linux-gnu/7/../../../x86_64-linux-gnu/:/usr/lib/gcc/x86_64-linux-gnu/7/../../../../lib/:/lib/x86_64-linux-gnu/:/lib/../lib/:/usr/lib/x86_64-linux-gnu/:/usr/lib/../lib/:/usr/lib/gcc/x86_64-linux-gnu/7/../../../:/lib/:/usr/lib/]
  ignore line: [COLLECT_GCC_OPTIONS='-v' '-rdynamic' '-o' 'cmTC_d6ce4' '-mtune=generic' '-march=x86-64']
  link line: [ /usr/lib/gcc/x86_64-linux-gnu/7/collect2 -plugin /usr/lib/gcc/x86_64-linux-gnu/7/liblto_plugin.so -plugin-opt=/usr/lib/gcc/x86_64-linux-gnu/7/lto-wrapper -plugin-opt=-fresolution=/tmp/ccFnHr1u.res -plugin-opt=-pass-through=-lgcc -plugin-opt=-pass-through=-lgcc_s -plugin-opt=-pass-through=-lc -plugin-opt=-pass-through=-lgcc -plugin-opt=-pass-through=-lgcc_s --sysroot=/ --build-id --eh-frame-hdr -m elf_x86_64 --hash-style=gnu --as-needed -export-dynamic -dynamic-linker /lib64/ld-linux-x86-64.so.2 -pie -z now -z relro -o cmTC_d6ce4 /usr/lib/gcc/x86_64-linux-gnu/7/../../../x86_64-linux-gnu/Scrt1.o /usr/lib/gcc/x86_64-linux-gnu/7/../../../x86_64-linux-gnu/crti.o /usr/lib/gcc/x86_64-linux-gnu/7/crtbeginS.o -L/usr/lib/gcc/x86_64-linux-gnu/7 -L/usr/lib/gcc/x86_64-linux-gnu/7/../../../x86_64-linux-gnu -L/usr/lib/gcc/x86_64-linux-gnu/7/../../../../lib -L/lib/x86_64-linux-gnu -L/lib/../lib -L/usr/lib/x86_64-linux-gnu -L/usr/lib/../lib -L/usr/lib/gcc/x86_64-linux-gnu/7/../../.. CMakeFiles/cmTC_d6ce4.dir/CMakeCCompilerABI.c.o -lgcc --as-needed -lgcc_s --no-as-needed -lc -lgcc --as-needed -lgcc_s --no-as-needed /usr/lib/gcc/x86_64-linux-gnu/7/crtendS.o /usr/lib/gcc/x86_64-linux-gnu/7/../../../x86_64-linux-gnu/crtn.o]
    arg [/usr/lib/gcc/x86_64-linux-gnu/7/collect2] ==> ignore
    arg [-plugin] ==> ignore
    arg [/usr/lib/gcc/x86_64-linux-gnu/7/liblto_plugin.so] ==> ignore
    arg [-plugin-opt=/usr/lib/gcc/x86_64-linux-gnu/7/lto-wrapper] ==> ignore
    arg [-plugin-opt=-fresolution=/tmp/ccFnHr1u.res] ==> ignore
    arg [-plugin-opt=-pass-through=-lgcc] ==> ignore
    arg [-plugin-opt=-pass-through=-lgcc_s] ==> ignore
    arg [-plugin-opt=-pass-through=-lc] ==> ignore
    arg [-plugin-opt=-pass-through=-lgcc] ==> ignore
    arg [-plugin-opt=-pass-through=-lgcc_s] ==> ignore
    arg [--sysroot=/] ==> ignore
    arg [--build-id] ==> ignore
    arg [--eh-frame-hdr] ==> ignore
    arg [-m] ==> ignore
    arg [elf_x86_64] ==> ignore
    arg [--hash-style=gnu] ==> ignore
    arg [--as-needed] ==> ignore
    arg [-export-dynamic] ==> ignore
    arg [-dynamic-linker] ==> ignore
    arg [/lib64/ld-linux-x86-64.so.2] ==> ignore
    arg [-pie] ==> ignore
    arg [-znow] ==> ignore
    arg [-zrelro] ==> ignore
    arg [-o] ==> ignore
    arg [cmTC_d6ce4] ==> ignore
    arg [/usr/lib/gcc/x86_64-linux-gnu/7/../../../x86_64-linux-gnu/Scrt1.o] ==> ignore
    arg [/usr/lib/gcc/x86_64-linux-gnu/7/../../../x86_64-linux-gnu/crti.o] ==> ignore
    arg [/usr/lib/gcc/x86_64-linux-gnu/7/crtbeginS.o] ==> ignore
    arg [-L/usr/lib/gcc/x86_64-linux-gnu/7] ==> dir [/usr/lib/gcc/x86_64-linux-gnu/7]
    arg [-L/usr/lib/gcc/x86_64-linux-gnu/7/../../../x86_64-linux-gnu] ==> dir [/usr/lib/gcc/x86_64-linux-gnu/7/../../../x86_64-linux-gnu]
    arg [-L/usr/lib/gcc/x86_64-linux-gnu/7/../../../../lib] ==> dir [/usr/lib/gcc/x86_64-linux-gnu/7/../../../../lib]
    arg [-L/lib/x86_64-linux-gnu] ==> dir [/lib/x86_64-linux-gnu]
    arg [-L/lib/../lib] ==> dir [/lib/../lib]
    arg [-L/usr/lib/x86_64-linux-gnu] ==> dir [/usr/lib/x86_64-linux-gnu]
    arg [-L/usr/lib/../lib] ==> dir [/usr/lib/../lib]
    arg [-L/usr/lib/gcc/x86_64-linux-gnu/7/../../..] ==> dir [/usr/lib/gcc/x86_64-linux-gnu/7/../../..]
    arg [CMakeFiles/cmTC_d6ce4.dir/CMakeCCompilerABI.c.o] ==> ignore
    arg [-lgcc] ==> lib [gcc]
    arg [--as-needed] ==> ignore
    arg [-lgcc_s] ==> lib [gcc_s]
    arg [--no-as-needed] ==> ignore
    arg [-lc] ==> lib [c]
    arg [-lgcc] ==> lib [gcc]
    arg [--as-needed] ==> ignore
    arg [-lgcc_s] ==> lib [gcc_s]
    arg [--no-as-needed] ==> ignore
    arg [/usr/lib/gcc/x86_64-linux-gnu/7/crtendS.o] ==> ignore
    arg [/usr/lib/gcc/x86_64-linux-gnu/7/../../../x86_64-linux-gnu/crtn.o] ==> ignore
  collapse library dir [/usr/lib/gcc/x86_64-linux-gnu/7] ==> [/usr/lib/gcc/x86_64-linux-gnu/7]
  collapse library dir [/usr/lib/gcc/x86_64-linux-gnu/7/../../../x86_64-linux-gnu] ==> [/usr/lib/x86_64-linux-gnu]
  collapse library dir [/usr/lib/gcc/x86_64-linux-gnu/7/../../../../lib] ==> [/usr/lib]
  collapse library dir [/lib/x86_64-linux-gnu] ==> [/lib/x86_64-linux-gnu]
  collapse library dir [/lib/../lib] ==> [/lib]
  collapse library dir [/usr/lib/x86_64-linux-gnu] ==> [/usr/lib/x86_64-linux-gnu]
  collapse library dir [/usr/lib/../lib] ==> [/usr/lib]
  collapse library dir [/usr/lib/gcc/x86_64-linux-gnu/7/../../..] ==> [/usr/lib]
  implicit libs: [gcc;gcc_s;c;gcc;gcc_s]
  implicit dirs: [/usr/lib/gcc/x86_64-linux-gnu/7;/usr/lib/x86_64-linux-gnu;/usr/lib;/lib/x86_64-linux-gnu;/lib]
  implicit fwks: []




Detecting C [-std=c11] compiler features compiled with the following output:
Change Dir: /home/emadbinabid/Documents/Research/RCSS/rcssserver3D/SimSpark/spark/build/CMakeFiles/CMakeTmp

Run Build Command:"/usr/bin/make" "cmTC_9be33/fast"
/usr/bin/make -f CMakeFiles/cmTC_9be33.dir/build.make CMakeFiles/cmTC_9be33.dir/build
make[1]: Entering directory '/home/emadbinabid/Documents/Research/RCSS/rcssserver3D/SimSpark/spark/build/CMakeFiles/CMakeTmp'
Building C object CMakeFiles/cmTC_9be33.dir/feature_tests.c.o
/usr/bin/cc   -std=c11 -o CMakeFiles/cmTC_9be33.dir/feature_tests.c.o   -c /home/emadbinabid/Documents/Research/RCSS/rcssserver3D/SimSpark/spark/build/CMakeFiles/feature_tests.c
Linking C executable cmTC_9be33
/usr/bin/cmake -E cmake_link_script CMakeFiles/cmTC_9be33.dir/link.txt --verbose=1
/usr/bin/cc      -rdynamic CMakeFiles/cmTC_9be33.dir/feature_tests.c.o  -o cmTC_9be33 
make[1]: Leaving directory '/home/emadbinabid/Documents/Research/RCSS/rcssserver3D/SimSpark/spark/build/CMakeFiles/CMakeTmp'


    Feature record: C_FEATURE:1c_function_prototypes
    Feature record: C_FEATURE:1c_restrict
    Feature record: C_FEATURE:1c_static_assert
    Feature record: C_FEATURE:1c_variadic_macros


Detecting C [-std=c99] compiler features compiled with the following output:
Change Dir: /home/emadbinabid/Documents/Research/RCSS/rcssserver3D/SimSpark/spark/build/CMakeFiles/CMakeTmp

Run Build Command:"/usr/bin/make" "cmTC_1d921/fast"
/usr/bin/make -f CMakeFiles/cmTC_1d921.dir/build.make CMakeFiles/cmTC_1d921.dir/build
make[1]: Entering directory '/home/emadbinabid/Documents/Research/RCSS/rcssserver3D/SimSpark/spark/build/CMakeFiles/CMakeTmp'
Building C object CMakeFiles/cmTC_1d921.dir/feature_tests.c.o
/usr/bin/cc   -std=c99 -o CMakeFiles/cmTC_1d921.dir/feature_tests.c.o   -c /home/emadbinabid/Documents/Research/RCSS/rcssserver3D/SimSpark/spark/build/CMakeFiles/feature_tests.c
Linking C executable cmTC_1d921
/usr/bin/cmake -E cmake_link_script CMakeFiles/cmTC_1d921.dir/link.txt --verbose=1
/usr/bin/cc      -rdynamic CMakeFiles/cmTC_1d921.dir/feature_tests.c.o  -o cmTC_1d921 
make[1]: Leaving directory '/home/emadbinabid/Documents/Research/RCSS/rcssserver3D/SimSpark/spark/build/CMakeFiles/CMakeTmp'


    Feature record: C_FEATURE:1c_function_prototypes
    Feature record: C_FEATURE:1c_restrict
    Feature record: C_FEATURE:0c_static_assert
    Feature record: C_FEATURE:1c_variadic_macros


Detecting C [-std=c90] compiler features compiled with the following output:
Change Dir: /home/emadbinabid/Documents/Research/RCSS/rcssserver3D/SimSpark/spark/build/CMakeFiles/CMakeTmp

Run Build Command:"/usr/bin/make" "cmTC_67a0a/fast"
/usr/bin/make -f CMakeFiles/cmTC_67a0a.dir/build.make CMakeFiles/cmTC_67a0a.dir/build
make[1]: Entering directory '/home/emadbinabid/Documents/Research/RCSS/rcssserver3D/SimSpark/spark/build/CMakeFiles/CMakeTmp'
Building C object CMakeFiles/cmTC_67a0a.dir/feature_tests.c.o
/usr/bin/cc   -std=c90 -o CMakeFiles/cmTC_67a0a.dir/feature_tests.c.o   -c /home/emadbinabid/Documents/Research/RCSS/rcssserver3D/SimSpark/spark/build/CMakeFiles/feature_tests.c
Linking C executable cmTC_67a0a
/usr/bin/cmake -E cmake_link_script CMakeFiles/cmTC_67a0a.dir/link.txt --verbose=1
/usr/bin/cc      -rdynamic CMakeFiles/cmTC_67a0a.dir/feature_tests.c.o  -o cmTC_67a0a 
make[1]: Leaving directory '/home/emadbinabid/Documents/Research/RCSS/rcssserver3D/SimSpark/spark/build/CMakeFiles/CMakeTmp'


    Feature record: C_FEATURE:1c_function_prototypes
    Feature record: C_FEATURE:0c_restrict
    Feature record: C_FEATURE:0c_static_assert
    Feature record: C_FEATURE:0c_variadic_macros
Determining if the include file netdb.h exists passed with the following output:
Change Dir: /home/emadbinabid/Documents/Research/RCSS/rcssserver3D/SimSpark/spark/build/CMakeFiles/CMakeTmp

Run Build Command:"/usr/bin/make" "cmTC_eda16/fast"
/usr/bin/make -f CMakeFiles/cmTC_eda16.dir/build.make CMakeFiles/cmTC_eda16.dir/build
make[1]: Entering directory '/home/emadbinabid/Documents/Research/RCSS/rcssserver3D/SimSpark/spark/build/CMakeFiles/CMakeTmp'
Building C object CMakeFiles/cmTC_eda16.dir/CheckIncludeFile.c.o
/usr/bin/cc    -o CMakeFiles/cmTC_eda16.dir/CheckIncludeFile.c.o   -c /home/emadbinabid/Documents/Research/RCSS/rcssserver3D/SimSpark/spark/build/CMakeFiles/CMakeTmp/CheckIncludeFile.c
Linking C executable cmTC_eda16
/usr/bin/cmake -E cmake_link_script CMakeFiles/cmTC_eda16.dir/link.txt --verbose=1
/usr/bin/cc      -rdynamic CMakeFiles/cmTC_eda16.dir/CheckIncludeFile.c.o  -o cmTC_eda16 
make[1]: Leaving directory '/home/emadbinabid/Documents/Research/RCSS/rcssserver3D/SimSpark/spark/build/CMakeFiles/CMakeTmp'


Determining if the include file resolv.h exists passed with the following output:
Change Dir: /home/emadbinabid/Documents/Research/RCSS/rcssserver3D/SimSpark/spark/build/CMakeFiles/CMakeTmp

Run Build Command:"/usr/bin/make" "cmTC_2bf90/fast"
/usr/bin/make -f CMakeFiles/cmTC_2bf90.dir/build.make CMakeFiles/cmTC_2bf90.dir/build
make[1]: Entering directory '/home/emadbinabid/Documents/Research/RCSS/rcssserver3D/SimSpark/spark/build/CMakeFiles/CMakeTmp'
Building C object CMakeFiles/cmTC_2bf90.dir/CheckIncludeFile.c.o
/usr/bin/cc    -o CMakeFiles/cmTC_2bf90.dir/CheckIncludeFile.c.o   -c /home/emadbinabid/Documents/Research/RCSS/rcssserver3D/SimSpark/spark/build/CMakeFiles/CMakeTmp/CheckIncludeFile.c
Linking C executable cmTC_2bf90
/usr/bin/cmake -E cmake_link_script CMakeFiles/cmTC_2bf90.dir/link.txt --verbose=1
/usr/bin/cc      -rdynamic CMakeFiles/cmTC_2bf90.dir/CheckIncludeFile.c.o  -o cmTC_2bf90 
make[1]: Leaving directory '/home/emadbinabid/Documents/Research/RCSS/rcssserver3D/SimSpark/spark/build/CMakeFiles/CMakeTmp'


Determining if the include file sys/socket.h exists passed with the following output:
Change Dir: /home/emadbinabid/Documents/Research/RCSS/rcssserver3D/SimSpark/spark/build/CMakeFiles/CMakeTmp

Run Build Command:"/usr/bin/make" "cmTC_b5e03/fast"
/usr/bin/make -f CMakeFiles/cmTC_b5e03.dir/build.make CMakeFiles/cmTC_b5e03.dir/build
make[1]: Entering directory '/home/emadbinabid/Documents/Research/RCSS/rcssserver3D/SimSpark/spark/build/CMakeFiles/CMakeTmp'
Building C object CMakeFiles/cmTC_b5e03.dir/CheckIncludeFile.c.o
/usr/bin/cc    -o CMakeFiles/cmTC_b5e03.dir/CheckIncludeFile.c.o   -c /home/emadbinabid/Documents/Research/RCSS/rcssserver3D/SimSpark/spark/build/CMakeFiles/CMakeTmp/CheckIncludeFile.c
Linking C executable cmTC_b5e03
/usr/bin/cmake -E cmake_link_script CMakeFiles/cmTC_b5e03.dir/link.txt --verbose=1
/usr/bin/cc      -rdynamic CMakeFiles/cmTC_b5e03.dir/CheckIncludeFile.c.o  -o cmTC_b5e03 
make[1]: Leaving directory '/home/emadbinabid/Documents/Research/RCSS/rcssserver3D/SimSpark/spark/build/CMakeFiles/CMakeTmp'


Determining if the include file netinet/in.h exists passed with the following output:
Change Dir: /home/emadbinabid/Documents/Research/RCSS/rcssserver3D/SimSpark/spark/build/CMakeFiles/CMakeTmp

Run Build Command:"/usr/bin/make" "cmTC_1006e/fast"
/usr/bin/make -f CMakeFiles/cmTC_1006e.dir/build.make CMakeFiles/cmTC_1006e.dir/build
make[1]: Entering directory '/home/emadbinabid/Documents/Research/RCSS/rcssserver3D/SimSpark/spark/build/CMakeFiles/CMakeTmp'
Building C object CMakeFiles/cmTC_1006e.dir/CheckIncludeFile.c.o
/usr/bin/cc    -o CMakeFiles/cmTC_1006e.dir/CheckIncludeFile.c.o   -c /home/emadbinabid/Documents/Research/RCSS/rcssserver3D/SimSpark/spark/build/CMakeFiles/CMakeTmp/CheckIncludeFile.c
Linking C executable cmTC_1006e
/usr/bin/cmake -E cmake_link_script CMakeFiles/cmTC_1006e.dir/link.txt --verbose=1
/usr/bin/cc      -rdynamic CMakeFiles/cmTC_1006e.dir/CheckIncludeFile.c.o  -o cmTC_1006e 
make[1]: Leaving directory '/home/emadbinabid/Documents/Research/RCSS/rcssserver3D/SimSpark/spark/build/CMakeFiles/CMakeTmp'


Determining if the include file arpa/nameser.h exists passed with the following output:
Change Dir: /home/emadbinabid/Documents/Research/RCSS/rcssserver3D/SimSpark/spark/build/CMakeFiles/CMakeTmp

Run Build Command:"/usr/bin/make" "cmTC_832da/fast"
/usr/bin/make -f CMakeFiles/cmTC_832da.dir/build.make CMakeFiles/cmTC_832da.dir/build
make[1]: Entering directory '/home/emadbinabid/Documents/Research/RCSS/rcssserver3D/SimSpark/spark/build/CMakeFiles/CMakeTmp'
Building C object CMakeFiles/cmTC_832da.dir/CheckIncludeFile.c.o
/usr/bin/cc    -o CMakeFiles/cmTC_832da.dir/CheckIncludeFile.c.o   -c /home/emadbinabid/Documents/Research/RCSS/rcssserver3D/SimSpark/spark/build/CMakeFiles/CMakeTmp/CheckIncludeFile.c
Linking C executable cmTC_832da
/usr/bin/cmake -E cmake_link_script CMakeFiles/cmTC_832da.dir/link.txt --verbose=1
/usr/bin/cc      -rdynamic CMakeFiles/cmTC_832da.dir/CheckIncludeFile.c.o  -o cmTC_832da 
make[1]: Leaving directory '/home/emadbinabid/Documents/Research/RCSS/rcssserver3D/SimSpark/spark/build/CMakeFiles/CMakeTmp'


Determining if the include file arpa/inet.h exists passed with the following output:
Change Dir: /home/emadbinabid/Documents/Research/RCSS/rcssserver3D/SimSpark/spark/build/CMakeFiles/CMakeTmp

Run Build Command:"/usr/bin/make" "cmTC_b94e9/fast"
/usr/bin/make -f CMakeFiles/cmTC_b94e9.dir/build.make CMakeFiles/cmTC_b94e9.dir/build
make[1]: Entering directory '/home/emadbinabid/Documents/Research/RCSS/rcssserver3D/SimSpark/spark/build/CMakeFiles/CMakeTmp'
Building C object CMakeFiles/cmTC_b94e9.dir/CheckIncludeFile.c.o
/usr/bin/cc    -o CMakeFiles/cmTC_b94e9.dir/CheckIncludeFile.c.o   -c /home/emadbinabid/Documents/Research/RCSS/rcssserver3D/SimSpark/spark/build/CMakeFiles/CMakeTmp/CheckIncludeFile.c
Linking C executable cmTC_b94e9
/usr/bin/cmake -E cmake_link_script CMakeFiles/cmTC_b94e9.dir/link.txt --verbose=1
/usr/bin/cc      -rdynamic CMakeFiles/cmTC_b94e9.dir/CheckIncludeFile.c.o  -o cmTC_b94e9 
make[1]: Leaving directory '/home/emadbinabid/Documents/Research/RCSS/rcssserver3D/SimSpark/spark/build/CMakeFiles/CMakeTmp'


Determining if the include file string.h exists passed with the following output:
Change Dir: /home/emadbinabid/Documents/Research/RCSS/rcssserver3D/SimSpark/spark/build/CMakeFiles/CMakeTmp

Run Build Command:"/usr/bin/make" "cmTC_71a57/fast"
/usr/bin/make -f CMakeFiles/cmTC_71a57.dir/build.make CMakeFiles/cmTC_71a57.dir/build
make[1]: Entering directory '/home/emadbinabid/Documents/Research/RCSS/rcssserver3D/SimSpark/spark/build/CMakeFiles/CMakeTmp'
Building C object CMakeFiles/cmTC_71a57.dir/CheckIncludeFile.c.o
/usr/bin/cc    -o CMakeFiles/cmTC_71a57.dir/CheckIncludeFile.c.o   -c /home/emadbinabid/Documents/Research/RCSS/rcssserver3D/SimSpark/spark/build/CMakeFiles/CMakeTmp/CheckIncludeFile.c
Linking C executable cmTC_71a57
/usr/bin/cmake -E cmake_link_script CMakeFiles/cmTC_71a57.dir/link.txt --verbose=1
/usr/bin/cc      -rdynamic CMakeFiles/cmTC_71a57.dir/CheckIncludeFile.c.o  -o cmTC_71a57 
make[1]: Leaving directory '/home/emadbinabid/Documents/Research/RCSS/rcssserver3D/SimSpark/spark/build/CMakeFiles/CMakeTmp'


Determining if the include file float.h exists passed with the following output:
Change Dir: /home/emadbinabid/Documents/Research/RCSS/rcssserver3D/SimSpark/spark/build/CMakeFiles/CMakeTmp

Run Build Command:"/usr/bin/make" "cmTC_b462e/fast"
/usr/bin/make -f CMakeFiles/cmTC_b462e.dir/build.make CMakeFiles/cmTC_b462e.dir/build
make[1]: Entering directory '/home/emadbinabid/Documents/Research/RCSS/rcssserver3D/SimSpark/spark/build/CMakeFiles/CMakeTmp'
Building C object CMakeFiles/cmTC_b462e.dir/CheckIncludeFile.c.o
/usr/bin/cc    -o CMakeFiles/cmTC_b462e.dir/CheckIncludeFile.c.o   -c /home/emadbinabid/Documents/Research/RCSS/rcssserver3D/SimSpark/spark/build/CMakeFiles/CMakeTmp/CheckIncludeFile.c
Linking C executable cmTC_b462e
/usr/bin/cmake -E cmake_link_script CMakeFiles/cmTC_b462e.dir/link.txt --verbose=1
/usr/bin/cc      -rdynamic CMakeFiles/cmTC_b462e.dir/CheckIncludeFile.c.o  -o cmTC_b462e 
make[1]: Leaving directory '/home/emadbinabid/Documents/Research/RCSS/rcssserver3D/SimSpark/spark/build/CMakeFiles/CMakeTmp'


Determining if the include file limits.h exists passed with the following output:
Change Dir: /home/emadbinabid/Documents/Research/RCSS/rcssserver3D/SimSpark/spark/build/CMakeFiles/CMakeTmp

Run Build Command:"/usr/bin/make" "cmTC_7449f/fast"
/usr/bin/make -f CMakeFiles/cmTC_7449f.dir/build.make CMakeFiles/cmTC_7449f.dir/build
make[1]: Entering directory '/home/emadbinabid/Documents/Research/RCSS/rcssserver3D/SimSpark/spark/build/CMakeFiles/CMakeTmp'
Building C object CMakeFiles/cmTC_7449f.dir/CheckIncludeFile.c.o
/usr/bin/cc    -o CMakeFiles/cmTC_7449f.dir/CheckIncludeFile.c.o   -c /home/emadbinabid/Documents/Research/RCSS/rcssserver3D/SimSpark/spark/build/CMakeFiles/CMakeTmp/CheckIncludeFile.c
Linking C executable cmTC_7449f
/usr/bin/cmake -E cmake_link_script CMakeFiles/cmTC_7449f.dir/link.txt --verbose=1
/usr/bin/cc      -rdynamic CMakeFiles/cmTC_7449f.dir/CheckIncludeFile.c.o  -o cmTC_7449f 
make[1]: Leaving directory '/home/emadbinabid/Documents/Research/RCSS/rcssserver3D/SimSpark/spark/build/CMakeFiles/CMakeTmp'


Determining if the include file malloc.h exists passed with the following output:
Change Dir: /home/emadbinabid/Documents/Research/RCSS/rcssserver3D/SimSpark/spark/build/CMakeFiles/CMakeTmp

Run Build Command:"/usr/bin/make" "cmTC_79edd/fast"
/usr/bin/make -f CMakeFiles/cmTC_79edd.dir/build.make CMakeFiles/cmTC_79edd.dir/build
make[1]: Entering directory '/home/emadbinabid/Documents/Research/RCSS/rcssserver3D/SimSpark/spark/build/CMakeFiles/CMakeTmp'
Building C object CMakeFiles/cmTC_79edd.dir/CheckIncludeFile.c.o
/usr/bin/cc    -o CMakeFiles/cmTC_79edd.dir/CheckIncludeFile.c.o   -c /home/emadbinabid/Documents/Research/RCSS/rcssserver3D/SimSpark/spark/build/CMakeFiles/CMakeTmp/CheckIncludeFile.c
Linking C executable cmTC_79edd
/usr/bin/cmake -E cmake_link_script CMakeFiles/cmTC_79edd.dir/link.txt --verbose=1
/usr/bin/cc      -rdynamic CMakeFiles/cmTC_79edd.dir/CheckIncludeFile.c.o  -o cmTC_79edd 
make[1]: Leaving directory '/home/emadbinabid/Documents/Research/RCSS/rcssserver3D/SimSpark/spark/build/CMakeFiles/CMakeTmp'


Determining if the include file memory.h exists passed with the following output:
Change Dir: /home/emadbinabid/Documents/Research/RCSS/rcssserver3D/SimSpark/spark/build/CMakeFiles/CMakeTmp

Run Build Command:"/usr/bin/make" "cmTC_f6b8a/fast"
/usr/bin/make -f CMakeFiles/cmTC_f6b8a.dir/build.make CMakeFiles/cmTC_f6b8a.dir/build
make[1]: Entering directory '/home/emadbinabid/Documents/Research/RCSS/rcssserver3D/SimSpark/spark/build/CMakeFiles/CMakeTmp'
Building C object CMakeFiles/cmTC_f6b8a.dir/CheckIncludeFile.c.o
/usr/bin/cc    -o CMakeFiles/cmTC_f6b8a.dir/CheckIncludeFile.c.o   -c /home/emadbinabid/Documents/Research/RCSS/rcssserver3D/SimSpark/spark/build/CMakeFiles/CMakeTmp/CheckIncludeFile.c
Linking C executable cmTC_f6b8a
/usr/bin/cmake -E cmake_link_script CMakeFiles/cmTC_f6b8a.dir/link.txt --verbose=1
/usr/bin/cc      -rdynamic CMakeFiles/cmTC_f6b8a.dir/CheckIncludeFile.c.o  -o cmTC_f6b8a 
make[1]: Leaving directory '/home/emadbinabid/Documents/Research/RCSS/rcssserver3D/SimSpark/spark/build/CMakeFiles/CMakeTmp'


Determining if the include file stdlib.h exists passed with the following output:
Change Dir: /home/emadbinabid/Documents/Research/RCSS/rcssserver3D/SimSpark/spark/build/CMakeFiles/CMakeTmp

Run Build Command:"/usr/bin/make" "cmTC_4d008/fast"
/usr/bin/make -f CMakeFiles/cmTC_4d008.dir/build.make CMakeFiles/cmTC_4d008.dir/build
make[1]: Entering directory '/home/emadbinabid/Documents/Research/RCSS/rcssserver3D/SimSpark/spark/build/CMakeFiles/CMakeTmp'
Building C object CMakeFiles/cmTC_4d008.dir/CheckIncludeFile.c.o
/usr/bin/cc    -o CMakeFiles/cmTC_4d008.dir/CheckIncludeFile.c.o   -c /home/emadbinabid/Documents/Research/RCSS/rcssserver3D/SimSpark/spark/build/CMakeFiles/CMakeTmp/CheckIncludeFile.c
Linking C executable cmTC_4d008
/usr/bin/cmake -E cmake_link_script CMakeFiles/cmTC_4d008.dir/link.txt --verbose=1
/usr/bin/cc      -rdynamic CMakeFiles/cmTC_4d008.dir/CheckIncludeFile.c.o  -o cmTC_4d008 
make[1]: Leaving directory '/home/emadbinabid/Documents/Research/RCSS/rcssserver3D/SimSpark/spark/build/CMakeFiles/CMakeTmp'


Determining if the include file execinfo.h exists passed with the following output:
Change Dir: /home/emadbinabid/Documents/Research/RCSS/rcssserver3D/SimSpark/spark/build/CMakeFiles/CMakeTmp

Run Build Command:"/usr/bin/make" "cmTC_374ab/fast"
/usr/bin/make -f CMakeFiles/cmTC_374ab.dir/build.make CMakeFiles/cmTC_374ab.dir/build
make[1]: Entering directory '/home/emadbinabid/Documents/Research/RCSS/rcssserver3D/SimSpark/spark/build/CMakeFiles/CMakeTmp'
Building C object CMakeFiles/cmTC_374ab.dir/CheckIncludeFile.c.o
/usr/bin/cc    -o CMakeFiles/cmTC_374ab.dir/CheckIncludeFile.c.o   -c /home/emadbinabid/Documents/Research/RCSS/rcssserver3D/SimSpark/spark/build/CMakeFiles/CMakeTmp/CheckIncludeFile.c
Linking C executable cmTC_374ab
/usr/bin/cmake -E cmake_link_script CMakeFiles/cmTC_374ab.dir/link.txt --verbose=1
/usr/bin/cc      -rdynamic CMakeFiles/cmTC_374ab.dir/CheckIncludeFile.c.o  -o cmTC_374ab 
make[1]: Leaving directory '/home/emadbinabid/Documents/Research/RCSS/rcssserver3D/SimSpark/spark/build/CMakeFiles/CMakeTmp'


Determining if the include file unistd.h exists passed with the following output:
Change Dir: /home/emadbinabid/Documents/Research/RCSS/rcssserver3D/SimSpark/spark/build/CMakeFiles/CMakeTmp

Run Build Command:"/usr/bin/make" "cmTC_02835/fast"
/usr/bin/make -f CMakeFiles/cmTC_02835.dir/build.make CMakeFiles/cmTC_02835.dir/build
make[1]: Entering directory '/home/emadbinabid/Documents/Research/RCSS/rcssserver3D/SimSpark/spark/build/CMakeFiles/CMakeTmp'
Building C object CMakeFiles/cmTC_02835.dir/CheckIncludeFile.c.o
/usr/bin/cc    -o CMakeFiles/cmTC_02835.dir/CheckIncludeFile.c.o   -c /home/emadbinabid/Documents/Research/RCSS/rcssserver3D/SimSpark/spark/build/CMakeFiles/CMakeTmp/CheckIncludeFile.c
Linking C executable cmTC_02835
/usr/bin/cmake -E cmake_link_script CMakeFiles/cmTC_02835.dir/link.txt --verbose=1
/usr/bin/cc      -rdynamic CMakeFiles/cmTC_02835.dir/CheckIncludeFile.c.o  -o cmTC_02835 
make[1]: Leaving directory '/home/emadbinabid/Documents/Research/RCSS/rcssserver3D/SimSpark/spark/build/CMakeFiles/CMakeTmp'


Determining if the include file poll.h exists passed with the following output:
Change Dir: /home/emadbinabid/Documents/Research/RCSS/rcssserver3D/SimSpark/spark/build/CMakeFiles/CMakeTmp

Run Build Command:"/usr/bin/make" "cmTC_a722e/fast"
/usr/bin/make -f CMakeFiles/cmTC_a722e.dir/build.make CMakeFiles/cmTC_a722e.dir/build
make[1]: Entering directory '/home/emadbinabid/Documents/Research/RCSS/rcssserver3D/SimSpark/spark/build/CMakeFiles/CMakeTmp'
Building C object CMakeFiles/cmTC_a722e.dir/CheckIncludeFile.c.o
/usr/bin/cc    -o CMakeFiles/cmTC_a722e.dir/CheckIncludeFile.c.o   -c /home/emadbinabid/Documents/Research/RCSS/rcssserver3D/SimSpark/spark/build/CMakeFiles/CMakeTmp/CheckIncludeFile.c
Linking C executable cmTC_a722e
/usr/bin/cmake -E cmake_link_script CMakeFiles/cmTC_a722e.dir/link.txt --verbose=1
/usr/bin/cc      -rdynamic CMakeFiles/cmTC_a722e.dir/CheckIncludeFile.c.o  -o cmTC_a722e 
make[1]: Leaving directory '/home/emadbinabid/Documents/Research/RCSS/rcssserver3D/SimSpark/spark/build/CMakeFiles/CMakeTmp'


Determining if the include file pthread.h exists passed with the following output:
Change Dir: /home/emadbinabid/Documents/Research/RCSS/rcssserver3D/SimSpark/spark/build/CMakeFiles/CMakeTmp

Run Build Command:"/usr/bin/make" "cmTC_ed655/fast"
/usr/bin/make -f CMakeFiles/cmTC_ed655.dir/build.make CMakeFiles/cmTC_ed655.dir/build
make[1]: Entering directory '/home/emadbinabid/Documents/Research/RCSS/rcssserver3D/SimSpark/spark/build/CMakeFiles/CMakeTmp'
Building C object CMakeFiles/cmTC_ed655.dir/CheckIncludeFile.c.o
/usr/bin/cc    -o CMakeFiles/cmTC_ed655.dir/CheckIncludeFile.c.o   -c /home/emadbinabid/Documents/Research/RCSS/rcssserver3D/SimSpark/spark/build/CMakeFiles/CMakeTmp/CheckIncludeFile.c
Linking C executable cmTC_ed655
/usr/bin/cmake -E cmake_link_script CMakeFiles/cmTC_ed655.dir/link.txt --verbose=1
/usr/bin/cc      -rdynamic CMakeFiles/cmTC_ed655.dir/CheckIncludeFile.c.o  -o cmTC_ed655 
make[1]: Leaving directory '/home/emadbinabid/Documents/Research/RCSS/rcssserver3D/SimSpark/spark/build/CMakeFiles/CMakeTmp'


Determining if the function pthread_create exists in the pthread passed with the following output:
Change Dir: /home/emadbinabid/Documents/Research/RCSS/rcssserver3D/SimSpark/spark/build/CMakeFiles/CMakeTmp

Run Build Command:"/usr/bin/make" "cmTC_8bf3d/fast"
/usr/bin/make -f CMakeFiles/cmTC_8bf3d.dir/build.make CMakeFiles/cmTC_8bf3d.dir/build
make[1]: Entering directory '/home/emadbinabid/Documents/Research/RCSS/rcssserver3D/SimSpark/spark/build/CMakeFiles/CMakeTmp'
Building C object CMakeFiles/cmTC_8bf3d.dir/CheckFunctionExists.c.o
/usr/bin/cc   -DCHECK_FUNCTION_EXISTS=pthread_create   -o CMakeFiles/cmTC_8bf3d.dir/CheckFunctionExists.c.o   -c /usr/share/cmake-3.9/Modules/CheckFunctionExists.c
Linking C executable cmTC_8bf3d
/usr/bin/cmake -E cmake_link_script CMakeFiles/cmTC_8bf3d.dir/link.txt --verbose=1
/usr/bin/cc  -DCHECK_FUNCTION_EXISTS=pthread_create    -rdynamic CMakeFiles/cmTC_8bf3d.dir/CheckFunctionExists.c.o  -o cmTC_8bf3d -lpthread 
make[1]: Leaving directory '/home/emadbinabid/Documents/Research/RCSS/rcssserver3D/SimSpark/spark/build/CMakeFiles/CMakeTmp'


Determining if the Q_WS_X11 exist passed with the following output:
Change Dir: /home/emadbinabid/Documents/Research/RCSS/rcssserver3D/SimSpark/spark/build/CMakeFiles/CMakeTmp

Run Build Command:"/usr/bin/make" "cmTC_2f8c3/fast"
/usr/bin/make -f CMakeFiles/cmTC_2f8c3.dir/build.make CMakeFiles/cmTC_2f8c3.dir/build
make[1]: Entering directory '/home/emadbinabid/Documents/Research/RCSS/rcssserver3D/SimSpark/spark/build/CMakeFiles/CMakeTmp'
Building CXX object CMakeFiles/cmTC_2f8c3.dir/CheckSymbolExists.cxx.o
/usr/bin/c++   -I/usr/include/qt4   -o CMakeFiles/cmTC_2f8c3.dir/CheckSymbolExists.cxx.o -c /home/emadbinabid/Documents/Research/RCSS/rcssserver3D/SimSpark/spark/build/CMakeFiles/CMakeTmp/CheckSymbolExists.cxx
Linking CXX executable cmTC_2f8c3
/usr/bin/cmake -E cmake_link_script CMakeFiles/cmTC_2f8c3.dir/link.txt --verbose=1
/usr/bin/c++       -rdynamic CMakeFiles/cmTC_2f8c3.dir/CheckSymbolExists.cxx.o  -o cmTC_2f8c3 
make[1]: Leaving directory '/home/emadbinabid/Documents/Research/RCSS/rcssserver3D/SimSpark/spark/build/CMakeFiles/CMakeTmp'

File /home/emadbinabid/Documents/Research/RCSS/rcssserver3D/SimSpark/spark/build/CMakeFiles/CMakeTmp/CheckSymbolExists.cxx:
/* */
#include <QtCore/qglobal.h>

int main(int argc, char** argv)
{
  (void)argv;
#ifndef Q_WS_X11
  return ((int*)(&Q_WS_X11))[argc];
#else
  (void)argc;
  return 0;
#endif
}

Determining if the include file sys/types.h exists passed with the following output:
Change Dir: /home/emadbinabid/Documents/Research/RCSS/rcssserver3D/SimSpark/spark/build/CMakeFiles/CMakeTmp

Run Build Command:"/usr/bin/make" "cmTC_c16e2/fast"
/usr/bin/make -f CMakeFiles/cmTC_c16e2.dir/build.make CMakeFiles/cmTC_c16e2.dir/build
make[1]: Entering directory '/home/emadbinabid/Documents/Research/RCSS/rcssserver3D/SimSpark/spark/build/CMakeFiles/CMakeTmp'
Building C object CMakeFiles/cmTC_c16e2.dir/CheckIncludeFile.c.o
/usr/bin/cc   -include sys/socket.h   -o CMakeFiles/cmTC_c16e2.dir/CheckIncludeFile.c.o   -c /home/emadbinabid/Documents/Research/RCSS/rcssserver3D/SimSpark/spark/build/CMakeFiles/CMakeTmp/CheckIncludeFile.c
Linking C executable cmTC_c16e2
/usr/bin/cmake -E cmake_link_script CMakeFiles/cmTC_c16e2.dir/link.txt --verbose=1
/usr/bin/cc  -include sys/socket.h    -rdynamic CMakeFiles/cmTC_c16e2.dir/CheckIncludeFile.c.o  -o cmTC_c16e2 
make[1]: Leaving directory '/home/emadbinabid/Documents/Research/RCSS/rcssserver3D/SimSpark/spark/build/CMakeFiles/CMakeTmp'


Determining if the include file stdint.h exists passed with the following output:
Change Dir: /home/emadbinabid/Documents/Research/RCSS/rcssserver3D/SimSpark/spark/build/CMakeFiles/CMakeTmp

Run Build Command:"/usr/bin/make" "cmTC_8a201/fast"
/usr/bin/make -f CMakeFiles/cmTC_8a201.dir/build.make CMakeFiles/cmTC_8a201.dir/build
make[1]: Entering directory '/home/emadbinabid/Documents/Research/RCSS/rcssserver3D/SimSpark/spark/build/CMakeFiles/CMakeTmp'
Building C object CMakeFiles/cmTC_8a201.dir/CheckIncludeFile.c.o
/usr/bin/cc   -include sys/socket.h   -o CMakeFiles/cmTC_8a201.dir/CheckIncludeFile.c.o   -c /home/emadbinabid/Documents/Research/RCSS/rcssserver3D/SimSpark/spark/build/CMakeFiles/CMakeTmp/CheckIncludeFile.c
Linking C executable cmTC_8a201
/usr/bin/cmake -E cmake_link_script CMakeFiles/cmTC_8a201.dir/link.txt --verbose=1
/usr/bin/cc  -include sys/socket.h    -rdynamic CMakeFiles/cmTC_8a201.dir/CheckIncludeFile.c.o  -o cmTC_8a201 
make[1]: Leaving directory '/home/emadbinabid/Documents/Research/RCSS/rcssserver3D/SimSpark/spark/build/CMakeFiles/CMakeTmp'


Determining if the include file stddef.h exists passed with the following output:
Change Dir: /home/emadbinabid/Documents/Research/RCSS/rcssserver3D/SimSpark/spark/build/CMakeFiles/CMakeTmp

Run Build Command:"/usr/bin/make" "cmTC_2bb27/fast"
/usr/bin/make -f CMakeFiles/cmTC_2bb27.dir/build.make CMakeFiles/cmTC_2bb27.dir/build
make[1]: Entering directory '/home/emadbinabid/Documents/Research/RCSS/rcssserver3D/SimSpark/spark/build/CMakeFiles/CMakeTmp'
Building C object CMakeFiles/cmTC_2bb27.dir/CheckIncludeFile.c.o
/usr/bin/cc   -include sys/socket.h   -o CMakeFiles/cmTC_2bb27.dir/CheckIncludeFile.c.o   -c /home/emadbinabid/Documents/Research/RCSS/rcssserver3D/SimSpark/spark/build/CMakeFiles/CMakeTmp/CheckIncludeFile.c
Linking C executable cmTC_2bb27
/usr/bin/cmake -E cmake_link_script CMakeFiles/cmTC_2bb27.dir/link.txt --verbose=1
/usr/bin/cc  -include sys/socket.h    -rdynamic CMakeFiles/cmTC_2bb27.dir/CheckIncludeFile.c.o  -o cmTC_2bb27 
make[1]: Leaving directory '/home/emadbinabid/Documents/Research/RCSS/rcssserver3D/SimSpark/spark/build/CMakeFiles/CMakeTmp'


Determining size of socklen_t passed with the following output:
Change Dir: /home/emadbinabid/Documents/Research/RCSS/rcssserver3D/SimSpark/spark/build/CMakeFiles/CMakeTmp

Run Build Command:"/usr/bin/make" "cmTC_12baa/fast"
/usr/bin/make -f CMakeFiles/cmTC_12baa.dir/build.make CMakeFiles/cmTC_12baa.dir/build
make[1]: Entering directory '/home/emadbinabid/Documents/Research/RCSS/rcssserver3D/SimSpark/spark/build/CMakeFiles/CMakeTmp'
Building C object CMakeFiles/cmTC_12baa.dir/SOCKLEN_T.c.o
/usr/bin/cc   -include sys/socket.h   -o CMakeFiles/cmTC_12baa.dir/SOCKLEN_T.c.o   -c /home/emadbinabid/Documents/Research/RCSS/rcssserver3D/SimSpark/spark/build/CMakeFiles/CheckTypeSize/SOCKLEN_T.c
Linking C executable cmTC_12baa
/usr/bin/cmake -E cmake_link_script CMakeFiles/cmTC_12baa.dir/link.txt --verbose=1
/usr/bin/cc  -include sys/socket.h    -rdynamic CMakeFiles/cmTC_12baa.dir/SOCKLEN_T.c.o  -o cmTC_12baa 
make[1]: Leaving directory '/home/emadbinabid/Documents/Research/RCSS/rcssserver3D/SimSpark/spark/build/CMakeFiles/CMakeTmp'


Determining if the function socket exists passed with the following output:
Change Dir: /home/emadbinabid/Documents/Research/RCSS/rcssserver3D/SimSpark/spark/build/CMakeFiles/CMakeTmp

Run Build Command:"/usr/bin/make" "cmTC_727cf/fast"
/usr/bin/make -f CMakeFiles/cmTC_727cf.dir/build.make CMakeFiles/cmTC_727cf.dir/build
make[1]: Entering directory '/home/emadbinabid/Documents/Research/RCSS/rcssserver3D/SimSpark/spark/build/CMakeFiles/CMakeTmp'
Building C object CMakeFiles/cmTC_727cf.dir/CheckFunctionExists.c.o
/usr/bin/cc   -DCHECK_FUNCTION_EXISTS=socket   -o CMakeFiles/cmTC_727cf.dir/CheckFunctionExists.c.o   -c /usr/share/cmake-3.9/Modules/CheckFunctionExists.c
Linking C executable cmTC_727cf
/usr/bin/cmake -E cmake_link_script CMakeFiles/cmTC_727cf.dir/link.txt --verbose=1
/usr/bin/cc  -DCHECK_FUNCTION_EXISTS=socket    -rdynamic CMakeFiles/cmTC_727cf.dir/CheckFunctionExists.c.o  -o cmTC_727cf 
make[1]: Leaving directory '/home/emadbinabid/Documents/Research/RCSS/rcssserver3D/SimSpark/spark/build/CMakeFiles/CMakeTmp'


Determining if the function gethostbyname exists passed with the following output:
Change Dir: /home/emadbinabid/Documents/Research/RCSS/rcssserver3D/SimSpark/spark/build/CMakeFiles/CMakeTmp

Run Build Command:"/usr/bin/make" "cmTC_34785/fast"
/usr/bin/make -f CMakeFiles/cmTC_34785.dir/build.make CMakeFiles/cmTC_34785.dir/build
make[1]: Entering directory '/home/emadbinabid/Documents/Research/RCSS/rcssserver3D/SimSpark/spark/build/CMakeFiles/CMakeTmp'
Building C object CMakeFiles/cmTC_34785.dir/CheckFunctionExists.c.o
/usr/bin/cc   -DCHECK_FUNCTION_EXISTS=gethostbyname   -o CMakeFiles/cmTC_34785.dir/CheckFunctionExists.c.o   -c /usr/share/cmake-3.9/Modules/CheckFunctionExists.c
Linking C executable cmTC_34785
/usr/bin/cmake -E cmake_link_script CMakeFiles/cmTC_34785.dir/link.txt --verbose=1
/usr/bin/cc  -DCHECK_FUNCTION_EXISTS=gethostbyname    -rdynamic CMakeFiles/cmTC_34785.dir/CheckFunctionExists.c.o  -o cmTC_34785 
make[1]: Leaving directory '/home/emadbinabid/Documents/Research/RCSS/rcssserver3D/SimSpark/spark/build/CMakeFiles/CMakeTmp'


Determining if the function hstrerror exists passed with the following output:
Change Dir: /home/emadbinabid/Documents/Research/RCSS/rcssserver3D/SimSpark/spark/build/CMakeFiles/CMakeTmp

Run Build Command:"/usr/bin/make" "cmTC_5bd5d/fast"
/usr/bin/make -f CMakeFiles/cmTC_5bd5d.dir/build.make CMakeFiles/cmTC_5bd5d.dir/build
make[1]: Entering directory '/home/emadbinabid/Documents/Research/RCSS/rcssserver3D/SimSpark/spark/build/CMakeFiles/CMakeTmp'
Building C object CMakeFiles/cmTC_5bd5d.dir/CheckFunctionExists.c.o
/usr/bin/cc   -DCHECK_FUNCTION_EXISTS=hstrerror   -o CMakeFiles/cmTC_5bd5d.dir/CheckFunctionExists.c.o   -c /usr/share/cmake-3.9/Modules/CheckFunctionExists.c
Linking C executable cmTC_5bd5d
/usr/bin/cmake -E cmake_link_script CMakeFiles/cmTC_5bd5d.dir/link.txt --verbose=1
/usr/bin/cc  -DCHECK_FUNCTION_EXISTS=hstrerror    -rdynamic CMakeFiles/cmTC_5bd5d.dir/CheckFunctionExists.c.o  -o cmTC_5bd5d 
make[1]: Leaving directory '/home/emadbinabid/Documents/Research/RCSS/rcssserver3D/SimSpark/spark/build/CMakeFiles/CMakeTmp'


Performing C++ SOURCE FILE Test SUPPORTS_STD_GNUXX11 succeeded with the following output:
Change Dir: /home/emadbinabid/Documents/Research/RCSS/rcssserver3D/SimSpark/spark/build/CMakeFiles/CMakeTmp

Run Build Command:"/usr/bin/make" "cmTC_2b654/fast"
/usr/bin/make -f CMakeFiles/cmTC_2b654.dir/build.make CMakeFiles/cmTC_2b654.dir/build
make[1]: Entering directory '/home/emadbinabid/Documents/Research/RCSS/rcssserver3D/SimSpark/spark/build/CMakeFiles/CMakeTmp'
Building CXX object CMakeFiles/cmTC_2b654.dir/src.cxx.o
/usr/bin/c++    -DSUPPORTS_STD_GNUXX11   -std=gnu++11 -o CMakeFiles/cmTC_2b654.dir/src.cxx.o -c /home/emadbinabid/Documents/Research/RCSS/rcssserver3D/SimSpark/spark/build/CMakeFiles/CMakeTmp/src.cxx
Linking CXX executable cmTC_2b654
/usr/bin/cmake -E cmake_link_script CMakeFiles/cmTC_2b654.dir/link.txt --verbose=1
/usr/bin/c++   -DSUPPORTS_STD_GNUXX11    -rdynamic CMakeFiles/cmTC_2b654.dir/src.cxx.o  -o cmTC_2b654 
make[1]: Leaving directory '/home/emadbinabid/Documents/Research/RCSS/rcssserver3D/SimSpark/spark/build/CMakeFiles/CMakeTmp'

Source file was:
int main() { return 0; }
Performing C++ SOURCE FILE Test SUPPORTS_STD_GNUXX0X succeeded with the following output:
Change Dir: /home/emadbinabid/Documents/Research/RCSS/rcssserver3D/SimSpark/spark/build/CMakeFiles/CMakeTmp

Run Build Command:"/usr/bin/make" "cmTC_36e72/fast"
/usr/bin/make -f CMakeFiles/cmTC_36e72.dir/build.make CMakeFiles/cmTC_36e72.dir/build
make[1]: Entering directory '/home/emadbinabid/Documents/Research/RCSS/rcssserver3D/SimSpark/spark/build/CMakeFiles/CMakeTmp'
Building CXX object CMakeFiles/cmTC_36e72.dir/src.cxx.o
/usr/bin/c++    -DSUPPORTS_STD_GNUXX0X   -std=gnu++0x -o CMakeFiles/cmTC_36e72.dir/src.cxx.o -c /home/emadbinabid/Documents/Research/RCSS/rcssserver3D/SimSpark/spark/build/CMakeFiles/CMakeTmp/src.cxx
Linking CXX executable cmTC_36e72
/usr/bin/cmake -E cmake_link_script CMakeFiles/cmTC_36e72.dir/link.txt --verbose=1
/usr/bin/c++   -DSUPPORTS_STD_GNUXX0X    -rdynamic CMakeFiles/cmTC_36e72.dir/src.cxx.o  -o cmTC_36e72 
make[1]: Leaving directory '/home/emadbinabid/Documents/Research/RCSS/rcssserver3D/SimSpark/spark/build/CMakeFiles/CMakeTmp'

Source file was:
int main() { return 0; }
