Determining if the pthread_create exist failed with the following output:
Change Dir: /home/emadbinabid/Documents/Research/RCSS/rcssserver3D/SimSpark/rcssserver3d/build/CMakeFiles/CMakeTmp

Run Build Command:"/usr/bin/make" "cmTC_dfdf4/fast"
/usr/bin/make -f CMakeFiles/cmTC_dfdf4.dir/build.make CMakeFiles/cmTC_dfdf4.dir/build
make[1]: Entering directory '/home/emadbinabid/Documents/Research/RCSS/rcssserver3D/SimSpark/rcssserver3d/build/CMakeFiles/CMakeTmp'
Building C object CMakeFiles/cmTC_dfdf4.dir/CheckSymbolExists.c.o
/usr/bin/cc    -o CMakeFiles/cmTC_dfdf4.dir/CheckSymbolExists.c.o   -c /home/emadbinabid/Documents/Research/RCSS/rcssserver3D/SimSpark/rcssserver3d/build/CMakeFiles/CMakeTmp/CheckSymbolExists.c
Linking C executable cmTC_dfdf4
/usr/bin/cmake -E cmake_link_script CMakeFiles/cmTC_dfdf4.dir/link.txt --verbose=1
/usr/bin/cc      -rdynamic CMakeFiles/cmTC_dfdf4.dir/CheckSymbolExists.c.o  -o cmTC_dfdf4 
CMakeFiles/cmTC_dfdf4.dir/CheckSymbolExists.c.o: In function `main':
CheckSymbolExists.c:(.text+0x1b): undefined reference to `pthread_create'
collect2: error: ld returned 1 exit status
CMakeFiles/cmTC_dfdf4.dir/build.make:97: recipe for target 'cmTC_dfdf4' failed
make[1]: *** [cmTC_dfdf4] Error 1
make[1]: Leaving directory '/home/emadbinabid/Documents/Research/RCSS/rcssserver3D/SimSpark/rcssserver3d/build/CMakeFiles/CMakeTmp'
Makefile:126: recipe for target 'cmTC_dfdf4/fast' failed
make: *** [cmTC_dfdf4/fast] Error 2

File /home/emadbinabid/Documents/Research/RCSS/rcssserver3D/SimSpark/rcssserver3d/build/CMakeFiles/CMakeTmp/CheckSymbolExists.c:
/* */
#include <pthread.h>

int main(int argc, char** argv)
{
  (void)argv;
#ifndef pthread_create
  return ((int*)(&pthread_create))[argc];
#else
  (void)argc;
  return 0;
#endif
}

Determining if the function pthread_create exists in the pthreads failed with the following output:
Change Dir: /home/emadbinabid/Documents/Research/RCSS/rcssserver3D/SimSpark/rcssserver3d/build/CMakeFiles/CMakeTmp

Run Build Command:"/usr/bin/make" "cmTC_722bc/fast"
/usr/bin/make -f CMakeFiles/cmTC_722bc.dir/build.make CMakeFiles/cmTC_722bc.dir/build
make[1]: Entering directory '/home/emadbinabid/Documents/Research/RCSS/rcssserver3D/SimSpark/rcssserver3d/build/CMakeFiles/CMakeTmp'
Building C object CMakeFiles/cmTC_722bc.dir/CheckFunctionExists.c.o
/usr/bin/cc   -DCHECK_FUNCTION_EXISTS=pthread_create   -o CMakeFiles/cmTC_722bc.dir/CheckFunctionExists.c.o   -c /usr/share/cmake-3.9/Modules/CheckFunctionExists.c
Linking C executable cmTC_722bc
/usr/bin/cmake -E cmake_link_script CMakeFiles/cmTC_722bc.dir/link.txt --verbose=1
/usr/bin/cc  -DCHECK_FUNCTION_EXISTS=pthread_create    -rdynamic CMakeFiles/cmTC_722bc.dir/CheckFunctionExists.c.o  -o cmTC_722bc -lpthreads 
/usr/bin/ld: cannot find -lpthreads
collect2: error: ld returned 1 exit status
CMakeFiles/cmTC_722bc.dir/build.make:97: recipe for target 'cmTC_722bc' failed
make[1]: *** [cmTC_722bc] Error 1
make[1]: Leaving directory '/home/emadbinabid/Documents/Research/RCSS/rcssserver3D/SimSpark/rcssserver3d/build/CMakeFiles/CMakeTmp'
Makefile:126: recipe for target 'cmTC_722bc/fast' failed
make: *** [cmTC_722bc/fast] Error 2


Determining if the Q_WS_WIN exist failed with the following output:
Change Dir: /home/emadbinabid/Documents/Research/RCSS/rcssserver3D/SimSpark/rcssserver3d/build/CMakeFiles/CMakeTmp

Run Build Command:"/usr/bin/make" "cmTC_62d3e/fast"
/usr/bin/make -f CMakeFiles/cmTC_62d3e.dir/build.make CMakeFiles/cmTC_62d3e.dir/build
make[1]: Entering directory '/home/emadbinabid/Documents/Research/RCSS/rcssserver3D/SimSpark/rcssserver3d/build/CMakeFiles/CMakeTmp'
Building CXX object CMakeFiles/cmTC_62d3e.dir/CheckSymbolExists.cxx.o
/usr/bin/c++   -I/usr/include/qt4   -o CMakeFiles/cmTC_62d3e.dir/CheckSymbolExists.cxx.o -c /home/emadbinabid/Documents/Research/RCSS/rcssserver3D/SimSpark/rcssserver3d/build/CMakeFiles/CMakeTmp/CheckSymbolExists.cxx
/home/emadbinabid/Documents/Research/RCSS/rcssserver3D/SimSpark/rcssserver3d/build/CMakeFiles/CMakeTmp/CheckSymbolExists.cxx: In function ‘int main(int, char**)’:
/home/emadbinabid/Documents/Research/RCSS/rcssserver3D/SimSpark/rcssserver3d/build/CMakeFiles/CMakeTmp/CheckSymbolExists.cxx:8:19: error: ‘Q_WS_WIN’ was not declared in this scope
   return ((int*)(&Q_WS_WIN))[argc];
                   ^~~~~~~~
/home/emadbinabid/Documents/Research/RCSS/rcssserver3D/SimSpark/rcssserver3d/build/CMakeFiles/CMakeTmp/CheckSymbolExists.cxx:8:19: note: suggested alternative: ‘Q_WS_X11’
   return ((int*)(&Q_WS_WIN))[argc];
                   ^~~~~~~~
                   Q_WS_X11
CMakeFiles/cmTC_62d3e.dir/build.make:65: recipe for target 'CMakeFiles/cmTC_62d3e.dir/CheckSymbolExists.cxx.o' failed
make[1]: *** [CMakeFiles/cmTC_62d3e.dir/CheckSymbolExists.cxx.o] Error 1
make[1]: Leaving directory '/home/emadbinabid/Documents/Research/RCSS/rcssserver3D/SimSpark/rcssserver3d/build/CMakeFiles/CMakeTmp'
Makefile:126: recipe for target 'cmTC_62d3e/fast' failed
make: *** [cmTC_62d3e/fast] Error 2

File /home/emadbinabid/Documents/Research/RCSS/rcssserver3D/SimSpark/rcssserver3d/build/CMakeFiles/CMakeTmp/CheckSymbolExists.cxx:
/* */
#include <QtCore/qglobal.h>

int main(int argc, char** argv)
{
  (void)argv;
#ifndef Q_WS_WIN
  return ((int*)(&Q_WS_WIN))[argc];
#else
  (void)argc;
  return 0;
#endif
}

Determining if the Q_WS_QWS exist failed with the following output:
Change Dir: /home/emadbinabid/Documents/Research/RCSS/rcssserver3D/SimSpark/rcssserver3d/build/CMakeFiles/CMakeTmp

Run Build Command:"/usr/bin/make" "cmTC_5b3f3/fast"
/usr/bin/make -f CMakeFiles/cmTC_5b3f3.dir/build.make CMakeFiles/cmTC_5b3f3.dir/build
make[1]: Entering directory '/home/emadbinabid/Documents/Research/RCSS/rcssserver3D/SimSpark/rcssserver3d/build/CMakeFiles/CMakeTmp'
Building CXX object CMakeFiles/cmTC_5b3f3.dir/CheckSymbolExists.cxx.o
/usr/bin/c++   -I/usr/include/qt4   -o CMakeFiles/cmTC_5b3f3.dir/CheckSymbolExists.cxx.o -c /home/emadbinabid/Documents/Research/RCSS/rcssserver3D/SimSpark/rcssserver3d/build/CMakeFiles/CMakeTmp/CheckSymbolExists.cxx
/home/emadbinabid/Documents/Research/RCSS/rcssserver3D/SimSpark/rcssserver3d/build/CMakeFiles/CMakeTmp/CheckSymbolExists.cxx: In function ‘int main(int, char**)’:
/home/emadbinabid/Documents/Research/RCSS/rcssserver3D/SimSpark/rcssserver3d/build/CMakeFiles/CMakeTmp/CheckSymbolExists.cxx:8:19: error: ‘Q_WS_QWS’ was not declared in this scope
   return ((int*)(&Q_WS_QWS))[argc];
                   ^~~~~~~~
/home/emadbinabid/Documents/Research/RCSS/rcssserver3D/SimSpark/rcssserver3d/build/CMakeFiles/CMakeTmp/CheckSymbolExists.cxx:8:19: note: suggested alternative: ‘Q_WS_X11’
   return ((int*)(&Q_WS_QWS))[argc];
                   ^~~~~~~~
                   Q_WS_X11
CMakeFiles/cmTC_5b3f3.dir/build.make:65: recipe for target 'CMakeFiles/cmTC_5b3f3.dir/CheckSymbolExists.cxx.o' failed
make[1]: *** [CMakeFiles/cmTC_5b3f3.dir/CheckSymbolExists.cxx.o] Error 1
make[1]: Leaving directory '/home/emadbinabid/Documents/Research/RCSS/rcssserver3D/SimSpark/rcssserver3d/build/CMakeFiles/CMakeTmp'
Makefile:126: recipe for target 'cmTC_5b3f3/fast' failed
make: *** [cmTC_5b3f3/fast] Error 2

File /home/emadbinabid/Documents/Research/RCSS/rcssserver3D/SimSpark/rcssserver3d/build/CMakeFiles/CMakeTmp/CheckSymbolExists.cxx:
/* */
#include <QtCore/qglobal.h>

int main(int argc, char** argv)
{
  (void)argv;
#ifndef Q_WS_QWS
  return ((int*)(&Q_WS_QWS))[argc];
#else
  (void)argc;
  return 0;
#endif
}

Determining if the Q_WS_MAC exist failed with the following output:
Change Dir: /home/emadbinabid/Documents/Research/RCSS/rcssserver3D/SimSpark/rcssserver3d/build/CMakeFiles/CMakeTmp

Run Build Command:"/usr/bin/make" "cmTC_40dca/fast"
/usr/bin/make -f CMakeFiles/cmTC_40dca.dir/build.make CMakeFiles/cmTC_40dca.dir/build
make[1]: Entering directory '/home/emadbinabid/Documents/Research/RCSS/rcssserver3D/SimSpark/rcssserver3d/build/CMakeFiles/CMakeTmp'
Building CXX object CMakeFiles/cmTC_40dca.dir/CheckSymbolExists.cxx.o
/usr/bin/c++   -I/usr/include/qt4   -o CMakeFiles/cmTC_40dca.dir/CheckSymbolExists.cxx.o -c /home/emadbinabid/Documents/Research/RCSS/rcssserver3D/SimSpark/rcssserver3d/build/CMakeFiles/CMakeTmp/CheckSymbolExists.cxx
/home/emadbinabid/Documents/Research/RCSS/rcssserver3D/SimSpark/rcssserver3d/build/CMakeFiles/CMakeTmp/CheckSymbolExists.cxx: In function ‘int main(int, char**)’:
/home/emadbinabid/Documents/Research/RCSS/rcssserver3D/SimSpark/rcssserver3d/build/CMakeFiles/CMakeTmp/CheckSymbolExists.cxx:8:19: error: ‘Q_WS_MAC’ was not declared in this scope
   return ((int*)(&Q_WS_MAC))[argc];
                   ^~~~~~~~
/home/emadbinabid/Documents/Research/RCSS/rcssserver3D/SimSpark/rcssserver3d/build/CMakeFiles/CMakeTmp/CheckSymbolExists.cxx:8:19: note: suggested alternative: ‘Q_WS_X11’
   return ((int*)(&Q_WS_MAC))[argc];
                   ^~~~~~~~
                   Q_WS_X11
CMakeFiles/cmTC_40dca.dir/build.make:65: recipe for target 'CMakeFiles/cmTC_40dca.dir/CheckSymbolExists.cxx.o' failed
make[1]: *** [CMakeFiles/cmTC_40dca.dir/CheckSymbolExists.cxx.o] Error 1
make[1]: Leaving directory '/home/emadbinabid/Documents/Research/RCSS/rcssserver3D/SimSpark/rcssserver3d/build/CMakeFiles/CMakeTmp'
Makefile:126: recipe for target 'cmTC_40dca/fast' failed
make: *** [cmTC_40dca/fast] Error 2

File /home/emadbinabid/Documents/Research/RCSS/rcssserver3D/SimSpark/rcssserver3d/build/CMakeFiles/CMakeTmp/CheckSymbolExists.cxx:
/* */
#include <QtCore/qglobal.h>

int main(int argc, char** argv)
{
  (void)argv;
#ifndef Q_WS_MAC
  return ((int*)(&Q_WS_MAC))[argc];
#else
  (void)argc;
  return 0;
#endif
}

